\BOOKMARK [1][-]{section.1}{\376\377\000F\000o\000u\000n\000d\000a\000t\000i\000o\000n\000s}{}% 1
\BOOKMARK [2][-]{subsection.1.1}{\376\377\000N\000u\000m\000b\000e\000r\000s}{section.1}% 2
\BOOKMARK [3][-]{subsubsection.1.1.1}{\376\377\000C\000o\000u\000n\000t\000i\000n\000g\000\040\000N\000u\000m\000b\000e\000r\000s}{subsection.1.1}% 3
\BOOKMARK [3][-]{subsubsection.1.1.2}{\376\377\000P\000l\000a\000c\000e\000\040\000V\000a\000l\000u\000e}{subsection.1.1}% 4
\BOOKMARK [3][-]{subsubsection.1.1.3}{\376\377\000R\000o\000u\000n\000d\000i\000n\000g}{subsection.1.1}% 5
\BOOKMARK [2][-]{subsection.1.2}{\376\377\000A\000r\000i\000t\000h\000m\000e\000t\000i\000c}{section.1}% 6
\BOOKMARK [3][-]{subsubsection.1.2.1}{\376\377\000A\000d\000d\000i\000t\000i\000o\000n}{subsection.1.2}% 7
\BOOKMARK [3][-]{subsubsection.1.2.2}{\376\377\000S\000u\000b\000t\000r\000a\000c\000t\000i\000o\000n}{subsection.1.2}% 8
\BOOKMARK [3][-]{subsubsection.1.2.3}{\376\377\000M\000u\000l\000t\000i\000p\000l\000i\000c\000a\000t\000i\000o\000n}{subsection.1.2}% 9
\BOOKMARK [3][-]{subsubsection.1.2.4}{\376\377\000D\000i\000v\000i\000s\000i\000o\000n}{subsection.1.2}% 10
\BOOKMARK [3][-]{subsubsection.1.2.5}{\376\377\000F\000a\000c\000t\000o\000r\000s}{subsection.1.2}% 11
\BOOKMARK [2][-]{subsection.1.3}{\376\377\000F\000r\000a\000c\000t\000i\000o\000n\000a\000l\000\040\000N\000u\000m\000b\000e\000r\000s}{section.1}% 12
\BOOKMARK [3][-]{subsubsection.1.3.1}{\376\377\000F\000r\000a\000c\000t\000i\000o\000n\000\040\000N\000o\000t\000a\000t\000i\000o\000n}{subsection.1.3}% 13
\BOOKMARK [3][-]{subsubsection.1.3.2}{\376\377\000A\000d\000d\000i\000n\000g\000\040\000a\000n\000d\000\040\000S\000u\000b\000t\000r\000a\000c\000t\000i\000n\000g\000\040\000F\000r\000a\000c\000t\000i\000o\000n\000s}{subsection.1.3}% 14
\BOOKMARK [3][-]{subsubsection.1.3.3}{\376\377\000M\000u\000l\000t\000i\000p\000l\000y\000i\000n\000g\000\040\000a\000n\000d\000\040\000D\000i\000v\000i\000d\000i\000n\000g\000\040\000F\000r\000a\000c\000t\000i\000o\000n\000s}{subsection.1.3}% 15
\BOOKMARK [3][-]{subsubsection.1.3.4}{\376\377\000D\000e\000c\000i\000m\000a\000l\000s}{subsection.1.3}% 16
\BOOKMARK [3][-]{subsubsection.1.3.5}{\376\377\000R\000a\000t\000i\000o\000s\000\040\000a\000n\000d\000\040\000R\000a\000t\000e\000s}{subsection.1.3}% 17
\BOOKMARK [2][-]{subsection.1.4}{\376\377\000L\000i\000n\000e\000s\000\040\000a\000n\000d\000\040\000A\000n\000g\000l\000e\000s}{section.1}% 18
\BOOKMARK [3][-]{subsubsection.1.4.1}{\376\377\000T\000y\000p\000e\000s\000\040\000o\000f\000\040\000L\000i\000n\000e\000s}{subsection.1.4}% 19
\BOOKMARK [3][-]{subsubsection.1.4.2}{\376\377\000T\000y\000p\000e\000s\000\040\000o\000f\000\040\000A\000n\000g\000l\000e\000s}{subsection.1.4}% 20
\BOOKMARK [3][-]{subsubsection.1.4.3}{\376\377\000U\000n\000i\000t\000s\000\040\000o\000f\000\040\000A\000n\000g\000l\000e\000s}{subsection.1.4}% 21
\BOOKMARK [2][-]{subsection.1.5}{\376\377\000N\000e\000g\000a\000t\000i\000v\000e\000\040\000N\000u\000m\000b\000e\000r\000s}{section.1}% 22
\BOOKMARK [3][-]{subsubsection.1.5.1}{\376\377\000A\000b\000s\000o\000l\000u\000t\000e\000\040\000V\000a\000l\000u\000e\000s}{subsection.1.5}% 23
\BOOKMARK [3][-]{subsubsection.1.5.2}{\376\377\000S\000i\000g\000n\000\040\000o\000f\000\040\000a\000\040\000N\000u\000m\000b\000e\000r}{subsection.1.5}% 24
\BOOKMARK [3][-]{subsubsection.1.5.3}{\376\377\000A\000d\000d\000i\000n\000g\000\040\000a\000n\000d\000\040\000S\000u\000b\000t\000r\000a\000c\000t\000i\000n\000g\000\040\000N\000e\000g\000a\000t\000i\000v\000e\000\040\000N\000u\000m\000b\000e\000r\000s}{subsection.1.5}% 25
\BOOKMARK [3][-]{subsubsection.1.5.4}{\376\377\000M\000u\000l\000t\000i\000p\000l\000y\000i\000n\000g\000\040\000a\000n\000d\000\040\000D\000i\000v\000i\000d\000i\000n\000g\000\040\000N\000e\000g\000a\000t\000i\000v\000e\000\040\000N\000u\000m\000b\000e\000r\000s}{subsection.1.5}% 26
\BOOKMARK [2][-]{subsection.1.6}{\376\377\000P\000o\000w\000e\000r\000s\000\040\000a\000n\000d\000\040\000O\000r\000d\000e\000r\000\040\000o\000f\000\040\000O\000p\000e\000r\000a\000t\000i\000o\000n\000s}{section.1}% 27
\BOOKMARK [3][-]{subsubsection.1.6.1}{\376\377\000E\000x\000p\000o\000n\000e\000n\000t\000s}{subsection.1.6}% 28
\BOOKMARK [3][-]{subsubsection.1.6.2}{\376\377\000R\000a\000d\000i\000c\000a\000l\000s}{subsection.1.6}% 29
\BOOKMARK [3][-]{subsubsection.1.6.3}{\376\377\000O\000r\000d\000e\000r\000\040\000o\000f\000\040\000O\000p\000e\000r\000a\000t\000i\000o\000n\000s}{subsection.1.6}% 30
\BOOKMARK [3][-]{subsubsection.1.6.4}{\376\377\000R\000e\000a\000l\000\040\000N\000u\000m\000b\000e\000r\000\040\000S\000y\000s\000t\000e\000m}{subsection.1.6}% 31
\BOOKMARK [2][-]{subsection.1.7}{\376\377\000S\000h\000a\000p\000e\000s}{section.1}% 32
\BOOKMARK [3][-]{subsubsection.1.7.1}{\376\377\000P\000o\000l\000y\000g\000o\000n\000s}{subsection.1.7}% 33
\BOOKMARK [3][-]{subsubsection.1.7.2}{\376\377\000Q\000u\000a\000d\000r\000i\000l\000a\000t\000e\000r\000a\000l\000s}{subsection.1.7}% 34
\BOOKMARK [3][-]{subsubsection.1.7.3}{\376\377\000T\000r\000i\000a\000n\000g\000l\000e\000s}{subsection.1.7}% 35
\BOOKMARK [3][-]{subsubsection.1.7.4}{\376\377\000C\000i\000r\000c\000l\000e\000s}{subsection.1.7}% 36
\BOOKMARK [3][-]{subsubsection.1.7.5}{\376\377\000T\000r\000a\000n\000s\000f\000o\000r\000m\000a\000t\000i\000o\000n\000s}{subsection.1.7}% 37
\BOOKMARK [3][-]{subsubsection.1.7.6}{\376\377\0003\000D\000\040\000S\000h\000a\000p\000e\000s}{subsection.1.7}% 38
\BOOKMARK [2][-]{subsection.1.8}{\376\377\000A\000r\000i\000t\000h\000m\000e\000t\000i\000c\000\040\000w\000i\000t\000h\000\040\000V\000a\000r\000i\000a\000b\000l\000e\000s}{section.1}% 39
\BOOKMARK [3][-]{subsubsection.1.8.1}{\376\377\000E\000q\000u\000a\000t\000i\000o\000n\000s\000\040\000a\000n\000d\000\040\000I\000n\000e\000q\000u\000a\000l\000i\000t\000i\000e\000s}{subsection.1.8}% 40
\BOOKMARK [3][-]{subsubsection.1.8.2}{\376\377\000L\000i\000k\000e\000\040\000T\000e\000r\000m\000s}{subsection.1.8}% 41
\BOOKMARK [3][-]{subsubsection.1.8.3}{\376\377\000D\000i\000s\000t\000r\000i\000b\000u\000t\000i\000v\000e\000\040\000P\000r\000o\000p\000e\000r\000t\000y}{subsection.1.8}% 42
\BOOKMARK [3][-]{subsubsection.1.8.4}{\376\377\000F\000a\000c\000t\000o\000r\000i\000n\000g}{subsection.1.8}% 43
\BOOKMARK [2][-]{subsection.1.9}{\376\377\000T\000r\000i\000g\000o\000n\000o\000m\000e\000t\000r\000i\000c\000\040\000R\000a\000t\000i\000o\000s}{section.1}% 44
\BOOKMARK [3][-]{subsubsection.1.9.1}{\376\377\000R\000i\000g\000h\000t\000\040\000A\000n\000g\000l\000e\000\040\000T\000r\000i\000g\000o\000n\000o\000m\000e\000t\000r\000y}{subsection.1.9}% 45
\BOOKMARK [3][-]{subsubsection.1.9.2}{\376\377\000S\000i\000n\000e\000\040\000a\000n\000d\000\040\000C\000o\000s\000i\000n\000e\000\040\000L\000a\000w}{subsection.1.9}% 46
\BOOKMARK [2][-]{subsection.1.10}{\376\377\000S\000e\000q\000u\000e\000n\000c\000e\000s\000\040\000a\000n\000d\000\040\000S\000e\000r\000i\000e\000s}{section.1}% 47
\BOOKMARK [3][-]{subsubsection.1.10.1}{\376\377\000S\000u\000m\000m\000a\000t\000i\000o\000n\000\040\000N\000o\000t\000a\000t\000i\000o\000n}{subsection.1.10}% 48
\BOOKMARK [3][-]{subsubsection.1.10.2}{\376\377\000A\000r\000i\000t\000h\000m\000e\000t\000i\000c\000\040\000S\000e\000q\000u\000e\000n\000c\000e}{subsection.1.10}% 49
\BOOKMARK [3][-]{subsubsection.1.10.3}{\376\377\000A\000r\000i\000t\000h\000m\000e\000t\000i\000c\000\040\000S\000e\000r\000i\000e\000s}{subsection.1.10}% 50
\BOOKMARK [3][-]{subsubsection.1.10.4}{\376\377\000G\000e\000o\000m\000e\000t\000r\000i\000c\000\040\000S\000e\000q\000u\000e\000n\000c\000e}{subsection.1.10}% 51
\BOOKMARK [3][-]{subsubsection.1.10.5}{\376\377\000G\000e\000o\000m\000e\000t\000r\000i\000c\000\040\000S\000e\000r\000i\000e\000s}{subsection.1.10}% 52
\BOOKMARK [2][-]{subsection.1.11}{\376\377\000S\000e\000q\000u\000e\000n\000c\000e\000s\000\040\000a\000n\000d\000\040\000S\000e\000r\000i\000e\000s}{section.1}% 53
\BOOKMARK [3][-]{subsubsection.1.11.1}{\376\377\000S\000u\000m\000m\000a\000t\000i\000o\000n\000\040\000N\000o\000t\000a\000t\000i\000o\000n}{subsection.1.11}% 54
\BOOKMARK [3][-]{subsubsection.1.11.2}{\376\377\000A\000r\000i\000t\000h\000m\000e\000t\000i\000c\000\040\000S\000e\000q\000u\000e\000n\000c\000e}{subsection.1.11}% 55
\BOOKMARK [3][-]{subsubsection.1.11.3}{\376\377\000A\000r\000i\000t\000h\000m\000e\000t\000i\000c\000\040\000S\000e\000r\000i\000e\000s}{subsection.1.11}% 56
\BOOKMARK [3][-]{subsubsection.1.11.4}{\376\377\000G\000e\000o\000m\000e\000t\000r\000i\000c\000\040\000S\000e\000q\000u\000e\000n\000c\000e}{subsection.1.11}% 57
\BOOKMARK [3][-]{subsubsection.1.11.5}{\376\377\000G\000e\000o\000m\000e\000t\000r\000i\000c\000\040\000S\000e\000r\000i\000e\000s}{subsection.1.11}% 58
\BOOKMARK [2][-]{subsection.1.12}{\376\377\000A\000n\000a\000l\000y\000z\000i\000n\000g\000\040\000D\000a\000t\000a}{section.1}% 59
\BOOKMARK [3][-]{subsubsection.1.12.1}{\376\377\000D\000i\000s\000p\000l\000a\000y\000i\000n\000g\000\040\000D\000a\000t\000a}{subsection.1.12}% 60
\BOOKMARK [3][-]{subsubsection.1.12.2}{\376\377\000C\000e\000n\000t\000e\000r\000\040\000a\000n\000d\000\040\000S\000p\000r\000e\000a\000d}{subsection.1.12}% 61
\BOOKMARK [2][-]{subsection.1.13}{\376\377\000P\000r\000o\000b\000a\000b\000i\000l\000i\000t\000y\000\040\000a\000n\000d\000\040\000C\000o\000m\000b\000i\000n\000a\000t\000o\000r\000i\000c\000s}{section.1}% 62
\BOOKMARK [3][-]{subsubsection.1.13.1}{\376\377\000P\000r\000o\000b\000a\000b\000i\000l\000i\000t\000y}{subsection.1.13}% 63
\BOOKMARK [3][-]{subsubsection.1.13.2}{\376\377\000C\000o\000m\000b\000i\000n\000a\000t\000o\000r\000i\000c\000s}{subsection.1.13}% 64
\BOOKMARK [3][-]{subsubsection.1.13.3}{\376\377\000P\000a\000s\000c\000a\000l\000'\000s\000\040\000T\000r\000i\000a\000n\000g\000l\000e}{subsection.1.13}% 65
