This is pdfTeX, Version 3.141592653-2.6-1.40.24 (TeX Live 2022) (preloaded format=pdflatex 2022.12.23)  3 JAN 2023 17:52
entering extended mode
 restricted \write18 enabled.
 file:line:error style messages enabled.
 %&-line parsing enabled.
**"c:/Users/tbwil/Documents/LaTeX Documents/Math Notes/MathNotes.tex"
(c:/Users/tbwil/Documents/LaTeX Documents/Math Notes/MathNotes.tex
LaTeX2e <2022-11-01> patch level 1
L3 programming layer <2022-12-17> (c:/texlive/2022/texmf-dist/tex/latex/base/article.cls
Document Class: article 2022/07/02 v1.4n Standard LaTeX document class
(c:/texlive/2022/texmf-dist/tex/latex/base/fleqn.clo
File: fleqn.clo 2016/12/29 v1.2b Standard LaTeX option (flush left equations)
\mathindent=\skip48
Applying: [2015/01/01] Make \[ robust on input line 50.
LaTeX Info: Redefining \[ on input line 51.
Already applied: [0000/00/00] Make \[ robust on input line 62.
Applying: [2015/01/01] Make \] robust on input line 74.
LaTeX Info: Redefining \] on input line 75.
Already applied: [0000/00/00] Make \] robust on input line 83.
) (c:/texlive/2022/texmf-dist/tex/latex/base/size11.clo
File: size11.clo 2022/07/02 v1.4n Standard LaTeX file (size option)
)
\c@part=\count185
\c@section=\count186
\c@subsection=\count187
\c@subsubsection=\count188
\c@paragraph=\count189
\c@subparagraph=\count190
\c@figure=\count191
\c@table=\count192
\abovecaptionskip=\skip49
\belowcaptionskip=\skip50
\bibindent=\dimen140
) (c:/texlive/2022/texmf-dist/tex/latex/base/inputenc.sty
Package: inputenc 2021/02/14 v1.3d Input encoding file
\inpenc@prehook=\toks16
\inpenc@posthook=\toks17
) (c:/texlive/2022/texmf-dist/tex/latex/preprint/fullpage.sty
Package: fullpage 1999/02/23 1.1 (PWD)
\FP@margin=\skip51
) (c:/texlive/2022/texmf-dist/tex/latex/amsmath/amsmath.sty
Package: amsmath 2022/04/08 v2.17n AMS math features
\@mathmargin=\skip52

For additional information on amsmath, use the `?' option.
(c:/texlive/2022/texmf-dist/tex/latex/amsmath/amstext.sty
Package: amstext 2021/08/26 v2.01 AMS text
 (c:/texlive/2022/texmf-dist/tex/latex/amsmath/amsgen.sty
File: amsgen.sty 1999/11/30 v2.0 generic functions
\@emptytoks=\toks18
\ex@=\dimen141
)) (c:/texlive/2022/texmf-dist/tex/latex/amsmath/amsbsy.sty
Package: amsbsy 1999/11/29 v1.2d Bold Symbols
\pmbraise@=\dimen142
) (c:/texlive/2022/texmf-dist/tex/latex/amsmath/amsopn.sty
Package: amsopn 2022/04/08 v2.04 operator names
)
\inf@bad=\count193
LaTeX Info: Redefining \frac on input line 234.
\uproot@=\count194
\leftroot@=\count195
LaTeX Info: Redefining \overline on input line 399.
LaTeX Info: Redefining \colon on input line 410.
\classnum@=\count196
\DOTSCASE@=\count197
LaTeX Info: Redefining \ldots on input line 496.
LaTeX Info: Redefining \dots on input line 499.
LaTeX Info: Redefining \cdots on input line 620.
\Mathstrutbox@=\box51
\strutbox@=\box52
LaTeX Info: Redefining \big on input line 722.
LaTeX Info: Redefining \Big on input line 723.
LaTeX Info: Redefining \bigg on input line 724.
LaTeX Info: Redefining \Bigg on input line 725.
\big@size=\dimen143
LaTeX Font Info:    Redeclaring font encoding OML on input line 743.
LaTeX Font Info:    Redeclaring font encoding OMS on input line 744.
\macc@depth=\count198
LaTeX Info: Redefining \bmod on input line 905.
LaTeX Info: Redefining \pmod on input line 910.
LaTeX Info: Redefining \smash on input line 940.
LaTeX Info: Redefining \relbar on input line 970.
LaTeX Info: Redefining \Relbar on input line 971.
\c@MaxMatrixCols=\count199
\dotsspace@=\muskip16
\c@parentequation=\count266
\dspbrk@lvl=\count267
\tag@help=\toks19
\row@=\count268
\column@=\count269
\maxfields@=\count270
\andhelp@=\toks20
\eqnshift@=\dimen144
\alignsep@=\dimen145
\tagshift@=\dimen146
\tagwidth@=\dimen147
\totwidth@=\dimen148
\lineht@=\dimen149
\@envbody=\toks21
\multlinegap=\skip53
\multlinetaggap=\skip54
\mathdisplay@stack=\toks22
LaTeX Info: Redefining \[ on input line 2953.
LaTeX Info: Redefining \] on input line 2954.
) (c:/texlive/2022/texmf-dist/tex/latex/amsfonts/amssymb.sty
Package: amssymb 2013/01/14 v3.01 AMS font symbols
 (c:/texlive/2022/texmf-dist/tex/latex/amsfonts/amsfonts.sty
Package: amsfonts 2013/01/14 v3.01 Basic AMSFonts support
\symAMSa=\mathgroup4
\symAMSb=\mathgroup5
LaTeX Font Info:    Redeclaring math symbol \hbar on input line 98.
LaTeX Font Info:    Overwriting math alphabet `\mathfrak' in version `bold'
(Font)                  U/euf/m/n --> U/euf/b/n on input line 106.
)) (c:/texlive/2022/texmf-dist/tex/latex/tools/array.sty
Package: array 2022/09/04 v2.5g Tabular extension package (FMi)
\col@sep=\dimen150
\ar@mcellbox=\box53
\extrarowheight=\dimen151
\NC@list=\toks23
\extratabsurround=\skip55
\backup@length=\skip56
\ar@cellbox=\box54
) (c:/texlive/2022/texmf-dist/tex/latex/doublestroke/dsfont.sty
Package: dsfont 1995/08/01 v0.1 Double stroke roman fonts
) (c:/texlive/2022/texmf-dist/tex/latex/polynom/polynom.sty
Package: polynom 2017/07/17 0.19 (CH,HA)
 (c:/texlive/2022/texmf-dist/tex/latex/graphics/keyval.sty
Package: keyval 2022/05/29 v1.15 key=value parser (DPC)
\KV@toks@=\toks24
)
\pld@currstage=\count271
) (c:/texlive/2022/texmf-dist/tex/latex/jknapltx/mathrsfs.sty
Package: mathrsfs 1996/01/01 Math RSFS package v1.0 (jk)
\symrsfs=\mathgroup6
) (c:/texlive/2022/texmf-dist/tex/latex/esint/esint.sty
Package: esint 
\symlargesymbolsA=\mathgroup7
) (c:/texlive/2022/texmf-dist/tex/latex/tools/multicol.sty
Package: multicol 2021/11/30 v1.9d multicolumn formatting (FMi)
\c@tracingmulticols=\count272
\mult@box=\box55
\multicol@leftmargin=\dimen152
\c@unbalance=\count273
\c@collectmore=\count274
\doublecol@number=\count275
\multicoltolerance=\count276
\multicolpretolerance=\count277
\full@width=\dimen153
\page@free=\dimen154
\premulticols=\dimen155
\postmulticols=\dimen156
\multicolsep=\skip57
\multicolbaselineskip=\skip58
\partial@page=\box56
\last@line=\box57
\maxbalancingoverflow=\dimen157
\mult@rightbox=\box58
\mult@grightbox=\box59
\mult@firstbox=\box60
\mult@gfirstbox=\box61
\@tempa=\box62
\@tempa=\box63
\@tempa=\box64
\@tempa=\box65
\@tempa=\box66
\@tempa=\box67
\@tempa=\box68
\@tempa=\box69
\@tempa=\box70
\@tempa=\box71
\@tempa=\box72
\@tempa=\box73
\@tempa=\box74
\@tempa=\box75
\@tempa=\box76
\@tempa=\box77
\@tempa=\box78
\@tempa=\box79
\@tempa=\box80
\@tempa=\box81
\@tempa=\box82
\@tempa=\box83
\@tempa=\box84
\@tempa=\box85
\@tempa=\box86
\@tempa=\box87
\@tempa=\box88
\@tempa=\box89
\@tempa=\box90
\@tempa=\box91
\@tempa=\box92
\@tempa=\box93
\@tempa=\box94
\@tempa=\box95
\@tempa=\box96
\@tempa=\box97
\c@minrows=\count278
\c@columnbadness=\count279
\c@finalcolumnbadness=\count280
\last@try=\dimen158
\multicolovershoot=\dimen159
\multicolundershoot=\dimen160
\mult@nat@firstbox=\box98
\colbreak@box=\box99
\mc@col@check@num=\count281
) (c:/texlive/2022/texmf-dist/tex/latex/tcolorbox/tcolorbox.sty
Package: tcolorbox 2022/06/24 version 5.1.1 text color boxes
 (c:/texlive/2022/texmf-dist/tex/latex/pgf/basiclayer/pgf.sty (c:/texlive/2022/texmf-dist/tex/latex/pgf/utilities/pgfrcs.sty (c:/texlive/2022/texmf-dist/tex/generic/pgf/utilities/pgfutil-common.tex
\pgfutil@everybye=\toks25
\pgfutil@tempdima=\dimen161
\pgfutil@tempdimb=\dimen162
 (c:/texlive/2022/texmf-dist/tex/generic/pgf/utilities/pgfutil-common-lists.tex)) (c:/texlive/2022/texmf-dist/tex/generic/pgf/utilities/pgfutil-latex.def
\pgfutil@abb=\box100
) (c:/texlive/2022/texmf-dist/tex/generic/pgf/utilities/pgfrcs.code.tex (c:/texlive/2022/texmf-dist/tex/generic/pgf/pgf.revision.tex)
Package: pgfrcs 2021/05/15 v3.1.9a (3.1.9a)
))
Package: pgf 2021/05/15 v3.1.9a (3.1.9a)
 (c:/texlive/2022/texmf-dist/tex/latex/pgf/basiclayer/pgfcore.sty (c:/texlive/2022/texmf-dist/tex/latex/graphics/graphicx.sty
Package: graphicx 2021/09/16 v1.2d Enhanced LaTeX Graphics (DPC,SPQR)
 (c:/texlive/2022/texmf-dist/tex/latex/graphics/graphics.sty
Package: graphics 2022/03/10 v1.4e Standard LaTeX Graphics (DPC,SPQR)
 (c:/texlive/2022/texmf-dist/tex/latex/graphics/trig.sty
Package: trig 2021/08/11 v1.11 sin cos tan (DPC)
) (c:/texlive/2022/texmf-dist/tex/latex/graphics-cfg/graphics.cfg
File: graphics.cfg 2016/06/04 v1.11 sample graphics configuration
)
Package graphics Info: Driver file: pdftex.def on input line 107.
 (c:/texlive/2022/texmf-dist/tex/latex/graphics-def/pdftex.def
File: pdftex.def 2022/09/22 v1.2b Graphics/color driver for pdftex
))
\Gin@req@height=\dimen163
\Gin@req@width=\dimen164
) (c:/texlive/2022/texmf-dist/tex/latex/pgf/systemlayer/pgfsys.sty (c:/texlive/2022/texmf-dist/tex/generic/pgf/systemlayer/pgfsys.code.tex
Package: pgfsys 2021/05/15 v3.1.9a (3.1.9a)
 (c:/texlive/2022/texmf-dist/tex/generic/pgf/utilities/pgfkeys.code.tex
\pgfkeys@pathtoks=\toks26
\pgfkeys@temptoks=\toks27
 (c:/texlive/2022/texmf-dist/tex/generic/pgf/utilities/pgfkeysfiltered.code.tex
\pgfkeys@tmptoks=\toks28
))
\pgf@x=\dimen165
\pgf@y=\dimen166
\pgf@xa=\dimen167
\pgf@ya=\dimen168
\pgf@xb=\dimen169
\pgf@yb=\dimen170
\pgf@xc=\dimen171
\pgf@yc=\dimen172
\pgf@xd=\dimen173
\pgf@yd=\dimen174
\w@pgf@writea=\write3
\r@pgf@reada=\read2
\c@pgf@counta=\count282
\c@pgf@countb=\count283
\c@pgf@countc=\count284
\c@pgf@countd=\count285
\t@pgf@toka=\toks29
\t@pgf@tokb=\toks30
\t@pgf@tokc=\toks31
\pgf@sys@id@count=\count286
 (c:/texlive/2022/texmf-dist/tex/generic/pgf/systemlayer/pgf.cfg
File: pgf.cfg 2021/05/15 v3.1.9a (3.1.9a)
)
Driver file for pgf: pgfsys-pdftex.def
 (c:/texlive/2022/texmf-dist/tex/generic/pgf/systemlayer/pgfsys-pdftex.def
File: pgfsys-pdftex.def 2021/05/15 v3.1.9a (3.1.9a)
 (c:/texlive/2022/texmf-dist/tex/generic/pgf/systemlayer/pgfsys-common-pdf.def
File: pgfsys-common-pdf.def 2021/05/15 v3.1.9a (3.1.9a)
))) (c:/texlive/2022/texmf-dist/tex/generic/pgf/systemlayer/pgfsyssoftpath.code.tex
File: pgfsyssoftpath.code.tex 2021/05/15 v3.1.9a (3.1.9a)
\pgfsyssoftpath@smallbuffer@items=\count287
\pgfsyssoftpath@bigbuffer@items=\count288
) (c:/texlive/2022/texmf-dist/tex/generic/pgf/systemlayer/pgfsysprotocol.code.tex
File: pgfsysprotocol.code.tex 2021/05/15 v3.1.9a (3.1.9a)
)) (c:/texlive/2022/texmf-dist/tex/latex/xcolor/xcolor.sty
Package: xcolor 2022/06/12 v2.14 LaTeX color extensions (UK)
 (c:/texlive/2022/texmf-dist/tex/latex/graphics-cfg/color.cfg
File: color.cfg 2016/01/02 v1.6 sample color configuration
)
Package xcolor Info: Driver file: pdftex.def on input line 227.
 (c:/texlive/2022/texmf-dist/tex/latex/graphics/mathcolor.ltx)
Package xcolor Info: Model `cmy' substituted by `cmy0' on input line 1353.
Package xcolor Info: Model `hsb' substituted by `rgb' on input line 1357.
Package xcolor Info: Model `RGB' extended on input line 1369.
Package xcolor Info: Model `HTML' substituted by `rgb' on input line 1371.
Package xcolor Info: Model `Hsb' substituted by `hsb' on input line 1372.
Package xcolor Info: Model `tHsb' substituted by `hsb' on input line 1373.
Package xcolor Info: Model `HSB' substituted by `hsb' on input line 1374.
Package xcolor Info: Model `Gray' substituted by `gray' on input line 1375.
Package xcolor Info: Model `wave' substituted by `hsb' on input line 1376.
) (c:/texlive/2022/texmf-dist/tex/generic/pgf/basiclayer/pgfcore.code.tex
Package: pgfcore 2021/05/15 v3.1.9a (3.1.9a)
 (c:/texlive/2022/texmf-dist/tex/generic/pgf/math/pgfmath.code.tex (c:/texlive/2022/texmf-dist/tex/generic/pgf/math/pgfmathcalc.code.tex (c:/texlive/2022/texmf-dist/tex/generic/pgf/math/pgfmathutil.code.tex) (c:/texlive/2022/texmf-dist/tex/generic/pgf/math/pgfmathparser.code.tex
\pgfmath@dimen=\dimen175
\pgfmath@count=\count289
\pgfmath@box=\box101
\pgfmath@toks=\toks32
\pgfmath@stack@operand=\toks33
\pgfmath@stack@operation=\toks34
) (c:/texlive/2022/texmf-dist/tex/generic/pgf/math/pgfmathfunctions.code.tex (c:/texlive/2022/texmf-dist/tex/generic/pgf/math/pgfmathfunctions.basic.code.tex) (c:/texlive/2022/texmf-dist/tex/generic/pgf/math/pgfmathfunctions.trigonometric.code.tex) (c:/texlive/2022/texmf-dist/tex/generic/pgf/math/pgfmathfunctions.random.code.tex) (c:/texlive/2022/texmf-dist/tex/generic/pgf/math/pgfmathfunctions.comparison.code.tex) (c:/texlive/2022/texmf-dist/tex/generic/pgf/math/pgfmathfunctions.base.code.tex) (c:/texlive/2022/texmf-dist/tex/generic/pgf/math/pgfmathfunctions.round.code.tex) (c:/texlive/2022/texmf-dist/tex/generic/pgf/math/pgfmathfunctions.misc.code.tex) (c:/texlive/2022/texmf-dist/tex/generic/pgf/math/pgfmathfunctions.integerarithmetics.code.tex))) (c:/texlive/2022/texmf-dist/tex/generic/pgf/math/pgfmathfloat.code.tex
\c@pgfmathroundto@lastzeros=\count290
)) (c:/texlive/2022/texmf-dist/tex/generic/pgf/math/pgfint.code.tex) (c:/texlive/2022/texmf-dist/tex/generic/pgf/basiclayer/pgfcorepoints.code.tex
File: pgfcorepoints.code.tex 2021/05/15 v3.1.9a (3.1.9a)
\pgf@picminx=\dimen176
\pgf@picmaxx=\dimen177
\pgf@picminy=\dimen178
\pgf@picmaxy=\dimen179
\pgf@pathminx=\dimen180
\pgf@pathmaxx=\dimen181
\pgf@pathminy=\dimen182
\pgf@pathmaxy=\dimen183
\pgf@xx=\dimen184
\pgf@xy=\dimen185
\pgf@yx=\dimen186
\pgf@yy=\dimen187
\pgf@zx=\dimen188
\pgf@zy=\dimen189
) (c:/texlive/2022/texmf-dist/tex/generic/pgf/basiclayer/pgfcorepathconstruct.code.tex
File: pgfcorepathconstruct.code.tex 2021/05/15 v3.1.9a (3.1.9a)
\pgf@path@lastx=\dimen190
\pgf@path@lasty=\dimen191
) (c:/texlive/2022/texmf-dist/tex/generic/pgf/basiclayer/pgfcorepathusage.code.tex
File: pgfcorepathusage.code.tex 2021/05/15 v3.1.9a (3.1.9a)
\pgf@shorten@end@additional=\dimen192
\pgf@shorten@start@additional=\dimen193
) (c:/texlive/2022/texmf-dist/tex/generic/pgf/basiclayer/pgfcorescopes.code.tex
File: pgfcorescopes.code.tex 2021/05/15 v3.1.9a (3.1.9a)
\pgfpic=\box102
\pgf@hbox=\box103
\pgf@layerbox@main=\box104
\pgf@picture@serial@count=\count291
) (c:/texlive/2022/texmf-dist/tex/generic/pgf/basiclayer/pgfcoregraphicstate.code.tex
File: pgfcoregraphicstate.code.tex 2021/05/15 v3.1.9a (3.1.9a)
\pgflinewidth=\dimen194
) (c:/texlive/2022/texmf-dist/tex/generic/pgf/basiclayer/pgfcoretransformations.code.tex
File: pgfcoretransformations.code.tex 2021/05/15 v3.1.9a (3.1.9a)
\pgf@pt@x=\dimen195
\pgf@pt@y=\dimen196
\pgf@pt@temp=\dimen197
) (c:/texlive/2022/texmf-dist/tex/generic/pgf/basiclayer/pgfcorequick.code.tex
File: pgfcorequick.code.tex 2021/05/15 v3.1.9a (3.1.9a)
) (c:/texlive/2022/texmf-dist/tex/generic/pgf/basiclayer/pgfcoreobjects.code.tex
File: pgfcoreobjects.code.tex 2021/05/15 v3.1.9a (3.1.9a)
) (c:/texlive/2022/texmf-dist/tex/generic/pgf/basiclayer/pgfcorepathprocessing.code.tex
File: pgfcorepathprocessing.code.tex 2021/05/15 v3.1.9a (3.1.9a)
) (c:/texlive/2022/texmf-dist/tex/generic/pgf/basiclayer/pgfcorearrows.code.tex
File: pgfcorearrows.code.tex 2021/05/15 v3.1.9a (3.1.9a)
\pgfarrowsep=\dimen198
) (c:/texlive/2022/texmf-dist/tex/generic/pgf/basiclayer/pgfcoreshade.code.tex
File: pgfcoreshade.code.tex 2021/05/15 v3.1.9a (3.1.9a)
\pgf@max=\dimen199
\pgf@sys@shading@range@num=\count292
\pgf@shadingcount=\count293
) (c:/texlive/2022/texmf-dist/tex/generic/pgf/basiclayer/pgfcoreimage.code.tex
File: pgfcoreimage.code.tex 2021/05/15 v3.1.9a (3.1.9a)
 (c:/texlive/2022/texmf-dist/tex/generic/pgf/basiclayer/pgfcoreexternal.code.tex
File: pgfcoreexternal.code.tex 2021/05/15 v3.1.9a (3.1.9a)
\pgfexternal@startupbox=\box105
)) (c:/texlive/2022/texmf-dist/tex/generic/pgf/basiclayer/pgfcorelayers.code.tex
File: pgfcorelayers.code.tex 2021/05/15 v3.1.9a (3.1.9a)
) (c:/texlive/2022/texmf-dist/tex/generic/pgf/basiclayer/pgfcoretransparency.code.tex
File: pgfcoretransparency.code.tex 2021/05/15 v3.1.9a (3.1.9a)
) (c:/texlive/2022/texmf-dist/tex/generic/pgf/basiclayer/pgfcorepatterns.code.tex
File: pgfcorepatterns.code.tex 2021/05/15 v3.1.9a (3.1.9a)
) (c:/texlive/2022/texmf-dist/tex/generic/pgf/basiclayer/pgfcorerdf.code.tex
File: pgfcorerdf.code.tex 2021/05/15 v3.1.9a (3.1.9a)
))) (c:/texlive/2022/texmf-dist/tex/generic/pgf/modules/pgfmoduleshapes.code.tex
File: pgfmoduleshapes.code.tex 2021/05/15 v3.1.9a (3.1.9a)
\pgfnodeparttextbox=\box106
) (c:/texlive/2022/texmf-dist/tex/generic/pgf/modules/pgfmoduleplot.code.tex
File: pgfmoduleplot.code.tex 2021/05/15 v3.1.9a (3.1.9a)
) (c:/texlive/2022/texmf-dist/tex/latex/pgf/compatibility/pgfcomp-version-0-65.sty
Package: pgfcomp-version-0-65 2021/05/15 v3.1.9a (3.1.9a)
\pgf@nodesepstart=\dimen256
\pgf@nodesepend=\dimen257
) (c:/texlive/2022/texmf-dist/tex/latex/pgf/compatibility/pgfcomp-version-1-18.sty
Package: pgfcomp-version-1-18 2021/05/15 v3.1.9a (3.1.9a)
)) (c:/texlive/2022/texmf-dist/tex/latex/tools/verbatim.sty
Package: verbatim 2022-07-02 v1.5u LaTeX2e package for verbatim enhancements
\every@verbatim=\toks35
\verbatim@line=\toks36
\verbatim@in@stream=\read3
) (c:/texlive/2022/texmf-dist/tex/latex/environ/environ.sty
Package: environ 2014/05/04 v0.3 A new way to define environments
 (c:/texlive/2022/texmf-dist/tex/latex/trimspaces/trimspaces.sty
Package: trimspaces 2009/09/17 v1.1 Trim spaces around a token list
)) (c:/texlive/2022/texmf-dist/tex/latex/etoolbox/etoolbox.sty
Package: etoolbox 2020/10/05 v2.5k e-TeX tools for LaTeX (JAW)
\etb@tempcnta=\count294
)
\tcb@titlebox=\box107
\tcb@upperbox=\box108
\tcb@lowerbox=\box109
\tcb@phantombox=\box110
\c@tcbbreakpart=\count295
\c@tcblayer=\count296
\c@tcolorbox@number=\count297
\tcb@temp=\box111
\tcb@temp=\box112
\tcb@temp=\box113
\tcb@temp=\box114
) (c:/texlive/2022/texmf-dist/tex/latex/hyperref/hyperref.sty
Package: hyperref 2022-11-13 v7.00u Hypertext links for LaTeX
 (c:/texlive/2022/texmf-dist/tex/generic/ltxcmds/ltxcmds.sty
Package: ltxcmds 2020-05-10 v1.25 LaTeX kernel commands for general use (HO)
) (c:/texlive/2022/texmf-dist/tex/generic/iftex/iftex.sty
Package: iftex 2022/02/03 v1.0f TeX engine tests
) (c:/texlive/2022/texmf-dist/tex/generic/pdftexcmds/pdftexcmds.sty
Package: pdftexcmds 2020-06-27 v0.33 Utility functions of pdfTeX for LuaTeX (HO)
 (c:/texlive/2022/texmf-dist/tex/generic/infwarerr/infwarerr.sty
Package: infwarerr 2019/12/03 v1.5 Providing info/warning/error messages (HO)
)
Package pdftexcmds Info: \pdf@primitive is available.
Package pdftexcmds Info: \pdf@ifprimitive is available.
Package pdftexcmds Info: \pdfdraftmode found.
) (c:/texlive/2022/texmf-dist/tex/latex/kvsetkeys/kvsetkeys.sty
Package: kvsetkeys 2022-10-05 v1.19 Key value parser (HO)
) (c:/texlive/2022/texmf-dist/tex/generic/kvdefinekeys/kvdefinekeys.sty
Package: kvdefinekeys 2019-12-19 v1.6 Define keys (HO)
) (c:/texlive/2022/texmf-dist/tex/generic/pdfescape/pdfescape.sty
Package: pdfescape 2019/12/09 v1.15 Implements pdfTeX's escape features (HO)
) (c:/texlive/2022/texmf-dist/tex/latex/hycolor/hycolor.sty
Package: hycolor 2020-01-27 v1.10 Color options for hyperref/bookmark (HO)
) (c:/texlive/2022/texmf-dist/tex/latex/letltxmacro/letltxmacro.sty
Package: letltxmacro 2019/12/03 v1.6 Let assignment for LaTeX macros (HO)
) (c:/texlive/2022/texmf-dist/tex/latex/auxhook/auxhook.sty
Package: auxhook 2019-12-17 v1.6 Hooks for auxiliary files (HO)
) (c:/texlive/2022/texmf-dist/tex/latex/hyperref/nameref.sty
Package: nameref 2022-05-17 v2.50 Cross-referencing by name of section
 (c:/texlive/2022/texmf-dist/tex/latex/refcount/refcount.sty
Package: refcount 2019/12/15 v3.6 Data extraction from label references (HO)
) (c:/texlive/2022/texmf-dist/tex/generic/gettitlestring/gettitlestring.sty
Package: gettitlestring 2019/12/15 v1.6 Cleanup title references (HO)
 (c:/texlive/2022/texmf-dist/tex/latex/kvoptions/kvoptions.sty
Package: kvoptions 2022-06-15 v3.15 Key value format for package options (HO)
))
\c@section@level=\count298
)
\@linkdim=\dimen258
\Hy@linkcounter=\count299
\Hy@pagecounter=\count300
 (c:/texlive/2022/texmf-dist/tex/latex/hyperref/pd1enc.def
File: pd1enc.def 2022-11-13 v7.00u Hyperref: PDFDocEncoding definition (HO)
Now handling font encoding PD1 ...
... no UTF-8 mapping file for font encoding PD1
) (c:/texlive/2022/texmf-dist/tex/generic/intcalc/intcalc.sty
Package: intcalc 2019/12/15 v1.3 Expandable calculations with integers (HO)
) (c:/texlive/2022/texmf-dist/tex/generic/etexcmds/etexcmds.sty
Package: etexcmds 2019/12/15 v1.7 Avoid name clashes with e-TeX commands (HO)
)
\Hy@SavedSpaceFactor=\count301
 (c:/texlive/2022/texmf-dist/tex/latex/hyperref/puenc.def
File: puenc.def 2022-11-13 v7.00u Hyperref: PDF Unicode definition (HO)
Now handling font encoding PU ...
... no UTF-8 mapping file for font encoding PU
)
Package hyperref Info: Hyper figures OFF on input line 4162.
Package hyperref Info: Link nesting OFF on input line 4167.
Package hyperref Info: Hyper index ON on input line 4170.
Package hyperref Info: Plain pages OFF on input line 4177.
Package hyperref Info: Backreferencing OFF on input line 4182.
Package hyperref Info: Implicit mode ON; LaTeX internals redefined.
Package hyperref Info: Bookmarks ON on input line 4410.
\c@Hy@tempcnt=\count302
 (c:/texlive/2022/texmf-dist/tex/latex/url/url.sty
\Urlmuskip=\muskip17
Package: url 2013/09/16  ver 3.4  Verb mode for urls, etc.
)
LaTeX Info: Redefining \url on input line 4748.
\XeTeXLinkMargin=\dimen259
 (c:/texlive/2022/texmf-dist/tex/generic/bitset/bitset.sty
Package: bitset 2019/12/09 v1.3 Handle bit-vector datatype (HO)
 (c:/texlive/2022/texmf-dist/tex/generic/bigintcalc/bigintcalc.sty
Package: bigintcalc 2019/12/15 v1.5 Expandable calculations on big integers (HO)
))
\Fld@menulength=\count303
\Field@Width=\dimen260
\Fld@charsize=\dimen261
Package hyperref Info: Hyper figures OFF on input line 6027.
Package hyperref Info: Link nesting OFF on input line 6032.
Package hyperref Info: Hyper index ON on input line 6035.
Package hyperref Info: backreferencing OFF on input line 6042.
Package hyperref Info: Link coloring OFF on input line 6047.
Package hyperref Info: Link coloring with OCG OFF on input line 6052.
Package hyperref Info: PDF/A mode OFF on input line 6057.
 (c:/texlive/2022/texmf-dist/tex/latex/base/atbegshi-ltx.sty
Package: atbegshi-ltx 2021/01/10 v1.0c Emulation of the original atbegshi
package with kernel methods
)
\Hy@abspage=\count304
\c@Item=\count305
\c@Hfootnote=\count306
)
Package hyperref Info: Driver (autodetected): hpdftex.
 (c:/texlive/2022/texmf-dist/tex/latex/hyperref/hpdftex.def
File: hpdftex.def 2022-11-13 v7.00u Hyperref driver for pdfTeX
 (c:/texlive/2022/texmf-dist/tex/latex/base/atveryend-ltx.sty
Package: atveryend-ltx 2020/08/19 v1.0a Emulation of the original atveryend package
with kernel methods
)
\Fld@listcount=\count307
\c@bookmark@seq@number=\count308
 (c:/texlive/2022/texmf-dist/tex/latex/rerunfilecheck/rerunfilecheck.sty
Package: rerunfilecheck 2022-07-10 v1.10 Rerun checks for auxiliary files (HO)
 (c:/texlive/2022/texmf-dist/tex/generic/uniquecounter/uniquecounter.sty
Package: uniquecounter 2019/12/15 v1.4 Provide unlimited unique counter (HO)
)
Package uniquecounter Info: New unique counter `rerunfilecheck' on input line 285.
)
\Hy@SectionHShift=\skip59
) (c:/texlive/2022/texmf-dist/tex/latex/amscls/amsthm.sty
Package: amsthm 2020/05/29 v2.20.6
\thm@style=\toks37
\thm@bodyfont=\toks38
\thm@headfont=\toks39
\thm@notefont=\toks40
\thm@headpunct=\toks41
\thm@preskip=\skip60
\thm@postskip=\skip61
\thm@headsep=\skip62
\dth@everypar=\toks42
) (./fizztex.sty
Package: fizztex 2022/09/16 Tyler's Engineering Physics Package
 (c:/texlive/2022/texmf-dist/tex/latex/fundus-calligra/calligra.sty
Package: calligra 2012/04/10 v1.9 LaTeX package calligra
) (c:/texlive/2022/texmf-dist/tex/latex/mathtools/mathtools.sty
Package: mathtools 2022/06/29 v1.29 mathematical typesetting tools
 (c:/texlive/2022/texmf-dist/tex/latex/tools/calc.sty
Package: calc 2017/05/25 v4.3 Infix arithmetic (KKT,FJ)
\calc@Acount=\count309
\calc@Bcount=\count310
\calc@Adimen=\dimen262
\calc@Bdimen=\dimen263
\calc@Askip=\skip63
\calc@Bskip=\skip64
LaTeX Info: Redefining \setlength on input line 80.
LaTeX Info: Redefining \addtolength on input line 81.
\calc@Ccount=\count311
\calc@Cskip=\skip65
) (c:/texlive/2022/texmf-dist/tex/latex/mathtools/mhsetup.sty
Package: mhsetup 2021/03/18 v1.4 programming setup (MH)
)
\g_MT_multlinerow_int=\count312
\l_MT_multwidth_dim=\dimen264
\origjot=\skip66
\l_MT_shortvdotswithinadjustabove_dim=\dimen265
\l_MT_shortvdotswithinadjustbelow_dim=\dimen266
\l_MT_above_intertext_sep=\dimen267
\l_MT_below_intertext_sep=\dimen268
\l_MT_above_shortintertext_sep=\dimen269
\l_MT_below_shortintertext_sep=\dimen270
\xmathstrut@box=\box115
\xmathstrut@dim=\dimen271
)) (c:/texlive/2022/texmf-dist/tex/latex/l3backend/l3backend-pdftex.def
File: l3backend-pdftex.def 2022-10-26 L3 backend support: PDF output (pdfTeX)
\l__color_backend_stack_int=\count313
\l__pdf_internal_box=\box116
) (./MathNotes.aux)
\openout1 = `MathNotes.aux'.

LaTeX Font Info:    Checking defaults for OML/cmm/m/it on input line 43.
LaTeX Font Info:    ... okay on input line 43.
LaTeX Font Info:    Checking defaults for OMS/cmsy/m/n on input line 43.
LaTeX Font Info:    ... okay on input line 43.
LaTeX Font Info:    Checking defaults for OT1/cmr/m/n on input line 43.
LaTeX Font Info:    ... okay on input line 43.
LaTeX Font Info:    Checking defaults for T1/cmr/m/n on input line 43.
LaTeX Font Info:    ... okay on input line 43.
LaTeX Font Info:    Checking defaults for TS1/cmr/m/n on input line 43.
LaTeX Font Info:    ... okay on input line 43.
LaTeX Font Info:    Checking defaults for OMX/cmex/m/n on input line 43.
LaTeX Font Info:    ... okay on input line 43.
LaTeX Font Info:    Checking defaults for U/cmr/m/n on input line 43.
LaTeX Font Info:    ... okay on input line 43.
LaTeX Font Info:    Checking defaults for PD1/pdf/m/n on input line 43.
LaTeX Font Info:    ... okay on input line 43.
LaTeX Font Info:    Checking defaults for PU/pdf/m/n on input line 43.
LaTeX Font Info:    ... okay on input line 43.
 (c:/texlive/2022/texmf-dist/tex/context/base/mkii/supp-pdf.mkii
[Loading MPS to PDF converter (version 2006.09.02).]
\scratchcounter=\count314
\scratchdimen=\dimen272
\scratchbox=\box117
\nofMPsegments=\count315
\nofMParguments=\count316
\everyMPshowfont=\toks43
\MPscratchCnt=\count317
\MPscratchDim=\dimen273
\MPnumerator=\count318
\makeMPintoPDFobject=\count319
\everyMPtoPDFconversion=\toks44
) (c:/texlive/2022/texmf-dist/tex/latex/epstopdf-pkg/epstopdf-base.sty
Package: epstopdf-base 2020-01-24 v2.11 Base part for package epstopdf
Package epstopdf-base Info: Redefining graphics rule for `.eps' on input line 485.
 (c:/texlive/2022/texmf-dist/tex/latex/latexconfig/epstopdf-sys.cfg
File: epstopdf-sys.cfg 2010/07/13 v1.3 Configuration of (r)epstopdf for TeX Live
))
Package hyperref Info: Link coloring OFF on input line 43.
 (./MathNotes.out) (./MathNotes.out)
\@outlinefile=\write4
\openout4 = `MathNotes.out'.

LaTeX Font Info:    Trying to load font information for U+msa on input line 47.
 (c:/texlive/2022/texmf-dist/tex/latex/amsfonts/umsa.fd
File: umsa.fd 2013/01/14 v3.01 AMS symbols A
)
LaTeX Font Info:    Trying to load font information for U+msb on input line 47.
 (c:/texlive/2022/texmf-dist/tex/latex/amsfonts/umsb.fd
File: umsb.fd 2013/01/14 v3.01 AMS symbols B
)
LaTeX Font Info:    Trying to load font information for U+rsfs on input line 47.
 (c:/texlive/2022/texmf-dist/tex/latex/jknapltx/ursfs.fd
File: ursfs.fd 1998/03/24 rsfs font definition file (jk)
)
LaTeX Font Info:    Trying to load font information for U+esint on input line 47.
 (c:/texlive/2022/texmf-dist/tex/latex/esint/uesint.fd
File: uesint.fd 
) (./MathNotes.toc [1

{c:/texlive/2022/texmf-var/fonts/map/pdftex/updmap/pdftex.map}] [2] [3] [4] [5] [6] [7])
\tf@toc=\write5
\openout5 = `MathNotes.toc'.

 [8] [9]
Underfull \hbox (badness 10000) in paragraph at lines 144--146

 []

LaTeX Font Info:    Trying to load font information for OMS+cmr on input line 166.
(c:/texlive/2022/texmf-dist/tex/latex/base/omscmr.fd
File: omscmr.fd 2022/07/10 v2.5l Standard LaTeX font definitions
)
LaTeX Font Info:    Font shape `OMS/cmr/m/n' in size <10.95> not available
(Font)              Font shape `OMS/cmsy/m/n' tried instead on input line 166.

Underfull \hbox (badness 10000) in paragraph at lines 164--195

 []


Underfull \hbox (badness 10000) in paragraph at lines 164--195

 []


Underfull \hbox (badness 10000) in paragraph at lines 164--195

 []


Underfull \hbox (badness 10000) in paragraph at lines 164--195

 []


Underfull \hbox (badness 10000) in paragraph at lines 164--195

 []

[10]
Underfull \hbox (badness 10000) in paragraph at lines 204--212

 []


Underfull \hbox (badness 10000) in paragraph at lines 204--212

 []


Underfull \hbox (badness 10000) in paragraph at lines 214--219

 []


Underfull \hbox (badness 10000) in paragraph at lines 221--227

 []

[11]
Underfull \hbox (badness 10000) in paragraph at lines 229--235

 []


Underfull \hbox (badness 10000) in paragraph at lines 229--235

 []


Underfull \hbox (badness 10000) in paragraph at lines 237--244

 []

[12] [13]
Underfull \hbox (badness 10000) in paragraph at lines 363--372

 []

[14] [15] [16] [17]
<FundamentalsPictures/CircleGeometry.jpg, id=2014, 868.24374pt x 861.2175pt>
File: FundamentalsPictures/CircleGeometry.jpg Graphic file (type jpg)
<use FundamentalsPictures/CircleGeometry.jpg>
Package pdftex.def Info: FundamentalsPictures/CircleGeometry.jpg  used on input line 481.
(pdftex.def)             Requested size: 147.59947pt x 146.40503pt.
 [18 <./FundamentalsPictures/CircleGeometry.jpg>] [19] [20] [21]
<FundamentalsPictures/TrigRatios.jpg, id=2032, 1003.75pt x 628.3475pt>
File: FundamentalsPictures/TrigRatios.jpg Graphic file (type jpg)
<use FundamentalsPictures/TrigRatios.jpg>
Package pdftex.def Info: FundamentalsPictures/TrigRatios.jpg  used on input line 638.
(pdftex.def)             Requested size: 301.12732pt x 188.50569pt.
 [22]
<FundamentalsPictures/SpecialTriangles.png, id=2037, 752.8125pt x 385.44pt>
File: FundamentalsPictures/SpecialTriangles.png Graphic file (type png)
<use FundamentalsPictures/SpecialTriangles.png>
Package pdftex.def Info: FundamentalsPictures/SpecialTriangles.png  used on input line 646.
(pdftex.def)             Requested size: 376.40532pt x 192.71953pt.

Underfull \hbox (badness 10000) in paragraph at lines 639--647

 []

<FundamentalsPictures/SineLawTriangle.png, id=2039, 469.755pt x 186.6975pt>
File: FundamentalsPictures/SineLawTriangle.png Graphic file (type png)
<use FundamentalsPictures/SineLawTriangle.png>
Package pdftex.def Info: FundamentalsPictures/SineLawTriangle.png  used on input line 649.
(pdftex.def)             Requested size: 328.82626pt x 130.68735pt.
[23 <./FundamentalsPictures/TrigRatios.jpg> <./FundamentalsPictures/SpecialTriangles.png>]
Underfull \hbox (badness 10000) in paragraph at lines 651--655

 []

[24 <./FundamentalsPictures/SineLawTriangle.png>]
Underfull \hbox (badness 10000) in paragraph at lines 705--706

 []

<FundamentalsPictures/barGraph.png, id=2051, 272.81924pt x 245.718pt>
File: FundamentalsPictures/barGraph.png Graphic file (type png)
<use FundamentalsPictures/barGraph.png>
Package pdftex.def Info: FundamentalsPictures/barGraph.png  used on input line 718.
(pdftex.def)             Requested size: 190.97217pt x 172.00142pt.
<FundamentalsPictures/histogram.png, id=2052, 319.79475pt x 226.446pt>
File: FundamentalsPictures/histogram.png Graphic file (type png)
<use FundamentalsPictures/histogram.png>
Package pdftex.def Info: FundamentalsPictures/histogram.png  used on input line 738.
(pdftex.def)             Requested size: 223.85478pt x 158.51111pt.
[25] [26 <./FundamentalsPictures/barGraph.png> <./FundamentalsPictures/histogram.png>]
Underfull \hbox (badness 10000) in paragraph at lines 758--762

 []


Underfull \hbox (badness 10000) in paragraph at lines 763--764

 []

<FundamentalsPictures/boxPlot.png, id=2065, 220.4235pt x 90.3375pt>
File: FundamentalsPictures/boxPlot.png Graphic file (type png)
<use FundamentalsPictures/boxPlot.png>
Package pdftex.def Info: FundamentalsPictures/boxPlot.png  used on input line 776.
(pdftex.def)             Requested size: 220.42294pt x 90.33727pt.
[27]
Underfull \hbox (badness 10000) in paragraph at lines 796--803

 []

[28 <./FundamentalsPictures/boxPlot.png>]
Underfull \hbox (badness 10000) in paragraph at lines 820--829

 []

[29]
Underfull \hbox (badness 10000) in paragraph at lines 843--845

 []


Underfull \hbox (badness 10000) in paragraph at lines 858--877

 []


Underfull \hbox (badness 10000) in paragraph at lines 858--877

 []


Underfull \hbox (badness 10000) in paragraph at lines 858--877

 []

[30]
Underfull \hbox (badness 10000) in paragraph at lines 877--888

 []

<FundamentalsPictures/PascalTriangle.jpg, id=2083, 670.505pt x 492.84125pt>
File: FundamentalsPictures/PascalTriangle.jpg Graphic file (type jpg)
<use FundamentalsPictures/PascalTriangle.jpg>
Package pdftex.def Info: FundamentalsPictures/PascalTriangle.jpg  used on input line 897.
(pdftex.def)             Requested size: 335.25168pt x 246.42001pt.
<FundamentalsPictures/PascalTriangleComb.png, id=2084, 1284.8pt x 1009.7725pt>
File: FundamentalsPictures/PascalTriangleComb.png Graphic file (type png)
<use FundamentalsPictures/PascalTriangleComb.png>
Package pdftex.def Info: FundamentalsPictures/PascalTriangleComb.png  used on input line 899.
(pdftex.def)             Requested size: 256.95544pt x 201.95091pt.
<FundamentalsPictures/PascalTrianglePathway.png, id=2085, 360.34625pt x 346.29375pt>
File: FundamentalsPictures/PascalTrianglePathway.png Graphic file (type png)
<use FundamentalsPictures/PascalTrianglePathway.png>
Package pdftex.def Info: FundamentalsPictures/PascalTrianglePathway.png  used on input line 904.
(pdftex.def)             Requested size: 198.19104pt x 190.46214pt.
<FundamentalsPictures/PathwayEx.png, id=2086, 493.845pt x 307.1475pt>
File: FundamentalsPictures/PathwayEx.png Graphic file (type png)
<use FundamentalsPictures/PathwayEx.png>
Package pdftex.def Info: FundamentalsPictures/PathwayEx.png  used on input line 909.
(pdftex.def)             Requested size: 395.07652pt x 245.71832pt.

Underfull \hbox (badness 10000) in paragraph at lines 898--915

 []


Underfull \hbox (badness 10000) in paragraph at lines 898--915

 []

[31 <./FundamentalsPictures/PascalTriangle.jpg>] [32 <./FundamentalsPictures/PascalTriangleComb.png> <./FundamentalsPictures/PascalTrianglePathway.png>] [33 <./FundamentalsPictures/PathwayEx.png>]
Underfull \hbox (badness 10000) in paragraph at lines 973--976

 []


Underfull \hbox (badness 10000) in paragraph at lines 977--979

 []


Underfull \hbox (badness 10000) in paragraph at lines 980--986

 []


Underfull \hbox (badness 10000) in paragraph at lines 995--998

 []


Underfull \hbox (badness 10000) in paragraph at lines 999--1007

 []


Underfull \hbox (badness 10000) in paragraph at lines 1008--1015

 []

[34]
Underfull \hbox (badness 10000) in paragraph at lines 1016--1022

 []


Underfull \hbox (badness 10000) in paragraph at lines 1023--1024

 []


Underfull \hbox (badness 10000) in paragraph at lines 1025--1031

 []


Underfull \hbox (badness 10000) in paragraph at lines 1032--1037

 []


Underfull \hbox (badness 10000) in paragraph at lines 1045--1052

 []

[35]
Underfull \hbox (badness 10000) in paragraph at lines 1095--1113

 []

[36]
Underfull \hbox (badness 10000) in paragraph at lines 1114--1118

 []


Underfull \hbox (badness 10000) in paragraph at lines 1119--1129

 []


Underfull \hbox (badness 10000) in paragraph at lines 1130--1136

 []


Underfull \hbox (badness 10000) in paragraph at lines 1150--1156

 []


Underfull \hbox (badness 10000) in paragraph at lines 1157--1158

 []

[37]
Underfull \hbox (badness 10000) in paragraph at lines 1159--1164

 []


Underfull \hbox (badness 10000) in paragraph at lines 1165--1166

 []


Underfull \hbox (badness 10000) in paragraph at lines 1181--1182

 []


Underfull \hbox (badness 10000) in paragraph at lines 1185--1189

 []


Underfull \hbox (badness 10000) in paragraph at lines 1190--1191

 []


Underfull \hbox (badness 10000) in paragraph at lines 1198--1200

 []

[38]
Underfull \hbox (badness 10000) in paragraph at lines 1201--1203

 []


Underfull \hbox (badness 10000) in paragraph at lines 1204--1205

 []


Underfull \hbox (badness 10000) in paragraph at lines 1206--1208

 []


Underfull \hbox (badness 10000) in paragraph at lines 1209--1210

 []


Underfull \hbox (badness 10000) in paragraph at lines 1211--1215

 []


Underfull \hbox (badness 10000) in paragraph at lines 1222--1224

 []


Underfull \hbox (badness 10000) in paragraph at lines 1225--1227

 []


Underfull \hbox (badness 10000) in paragraph at lines 1228--1230

 []

[39]
Underfull \hbox (badness 10000) in paragraph at lines 1243--1244

 []


Underfull \hbox (badness 10000) in paragraph at lines 1245--1246

 []


Underfull \hbox (badness 10000) in paragraph at lines 1254--1258

 []


Underfull \hbox (badness 10000) in paragraph at lines 1259--1270

 []

[40]
Underfull \hbox (badness 10000) in paragraph at lines 1274--1277

 []


Underfull \hbox (badness 10000) in paragraph at lines 1278--1281

 []


Underfull \hbox (badness 10000) in paragraph at lines 1282--1283

 []


Underfull \hbox (badness 10000) in paragraph at lines 1284--1286

 []


Underfull \hbox (badness 10000) in paragraph at lines 1287--1289

 []


Underfull \hbox (badness 10000) in paragraph at lines 1290--1292

 []

[41]
Underfull \hbox (badness 10000) in paragraph at lines 1293--1294

 []


Underfull \hbox (badness 10000) in paragraph at lines 1295--1297

 []


Underfull \hbox (badness 10000) in paragraph at lines 1298--1302

 []


Underfull \hbox (badness 10000) in paragraph at lines 1303--1316

 []


Underfull \hbox (badness 10000) in paragraph at lines 1322--1326

 []


Underfull \hbox (badness 10000) in paragraph at lines 1327--1328

 []


Underfull \hbox (badness 10000) in paragraph at lines 1329--1330

 []


Underfull \hbox (badness 10000) in paragraph at lines 1331--1332

 []


Underfull \hbox (badness 10000) in paragraph at lines 1333--1334

 []


Underfull \hbox (badness 10000) in paragraph at lines 1335--1336

 []

[42]
Underfull \hbox (badness 10000) in paragraph at lines 1344--1350

 []


Underfull \hbox (badness 10000) in paragraph at lines 1351--1357

 []


Underfull \hbox (badness 10000) in paragraph at lines 1358--1361

 []


Underfull \hbox (badness 10000) in paragraph at lines 1366--1370

 []


Underfull \hbox (badness 10000) in paragraph at lines 1371--1372

 []

[43]
Underfull \hbox (badness 10000) in paragraph at lines 1388--1398

 []


Underfull \hbox (badness 10000) in paragraph at lines 1399--1409

 []


Underfull \hbox (badness 10000) in paragraph at lines 1410--1421

 []

[44]
Underfull \hbox (badness 10000) in paragraph at lines 1422--1426

 []


Underfull \hbox (badness 10000) in paragraph at lines 1439--1443

 []


Underfull \hbox (badness 10000) in paragraph at lines 1444--1458

 []


Underfull \hbox (badness 10000) in paragraph at lines 1459--1465

 []


Underfull \hbox (badness 10000) in paragraph at lines 1466--1481

 []

[45]
Underfull \hbox (badness 10000) in paragraph at lines 1482--1490

 []


Underfull \hbox (badness 10000) in paragraph at lines 1491--1494

 []


Underfull \hbox (badness 10000) in paragraph at lines 1495--1498

 []


Underfull \hbox (badness 10000) in paragraph at lines 1499--1503

 []


Underfull \hbox (badness 10000) in paragraph at lines 1511--1512

 []


Underfull \hbox (badness 10000) in paragraph at lines 1513--1516

 []

[46]
Underfull \hbox (badness 10000) in paragraph at lines 1523--1525

 []


Underfull \hbox (badness 10000) in paragraph at lines 1532--1534

 []


Underfull \hbox (badness 10000) in paragraph at lines 1541--1543

 []


Underfull \hbox (badness 10000) in paragraph at lines 1554--1565

 []

[47]
Underfull \hbox (badness 10000) in paragraph at lines 1566--1574

 []


Underfull \hbox (badness 10000) in paragraph at lines 1575--1583

 []


Underfull \hbox (badness 10000) in paragraph at lines 1584--1605

 []


Underfull \hbox (badness 10000) in paragraph at lines 1606--1607

 []


Underfull \hbox (badness 10000) in paragraph at lines 1608--1615

 []


Underfull \hbox (badness 10000) in paragraph at lines 1616--1622

 []


Underfull \hbox (badness 10000) in paragraph at lines 1623--1630

 []

[48]
Underfull \hbox (badness 1231) in paragraph at lines 1635--1636
[]|\OT1/cmr/m/n/10.95 Therefore, ei-ther
 []


Underfull \hbox (badness 10000) in paragraph at lines 1631--1637

 []


Underfull \hbox (badness 10000) in paragraph at lines 1638--1640

 []


Underfull \hbox (badness 10000) in paragraph at lines 1641--1643

 []


Underfull \hbox (badness 10000) in paragraph at lines 1644--1647

 []


Underfull \hbox (badness 10000) in paragraph at lines 1655--1657

 []


Underfull \hbox (badness 10000) in paragraph at lines 1658--1662

 []

[49]
Underfull \hbox (badness 10000) in paragraph at lines 1672--1673

 []


Underfull \hbox (badness 10000) in paragraph at lines 1674--1683

 []


Underfull \hbox (badness 10000) in paragraph at lines 1684--1693

 []


Underfull \hbox (badness 10000) in paragraph at lines 1694--1701

 []


Underfull \hbox (badness 10000) in paragraph at lines 1702--1715

 []


Underfull \hbox (badness 10000) in paragraph at lines 1717--1727

 []


Underfull \hbox (badness 10000) in paragraph at lines 1728--1737

 []

[50]
Underfull \hbox (badness 10000) in paragraph at lines 1738--1740

 []


Underfull \hbox (badness 10000) in paragraph at lines 1741--1750

 []


Underfull \hbox (badness 10000) in paragraph at lines 1751--1760

 []


Underfull \hbox (badness 10000) in paragraph at lines 1761--1770

 []


Underfull \hbox (badness 10000) in paragraph at lines 1772--1788

 []


Underfull \hbox (badness 10000) in paragraph at lines 1789--1803

 []

[51]
Underfull \hbox (badness 10000) in paragraph at lines 1804--1814

 []


Underfull \hbox (badness 10000) in paragraph at lines 1815--1833

 []


Underfull \hbox (badness 10000) in paragraph at lines 1834--1859

 []

[52]
Underfull \hbox (badness 10000) in paragraph at lines 1870--1902

 []

[53]
Underfull \hbox (badness 10000) in paragraph at lines 1909--1912

 []


Underfull \hbox (badness 10000) in paragraph at lines 1917--1919

 []


Underfull \hbox (badness 10000) in paragraph at lines 1924--1927

 []


Underfull \hbox (badness 10000) in paragraph at lines 1928--1943

 []


Underfull \hbox (badness 10000) in paragraph at lines 1955--1963

 []

[54]
Underfull \hbox (badness 10000) in paragraph at lines 1964--1969

 []


Underfull \hbox (badness 10000) in paragraph at lines 1970--1972

 []


Underfull \hbox (badness 10000) in paragraph at lines 1973--1987

 []


Underfull \hbox (badness 10000) in paragraph at lines 1988--1995

 []


Underfull \hbox (badness 10000) in paragraph at lines 1996--1997

 []


Underfull \hbox (badness 10000) in paragraph at lines 1998--2000

 []

[55]
Underfull \hbox (badness 10000) in paragraph at lines 2001--2004

 []


Underfull \hbox (badness 10000) in paragraph at lines 2005--2008

 []


Underfull \hbox (badness 10000) in paragraph at lines 2009--2012

 []


Underfull \hbox (badness 10000) in paragraph at lines 2013--2018

 []


Underfull \hbox (badness 10000) in paragraph at lines 2019--2022

 []


Underfull \hbox (badness 10000) in paragraph at lines 2023--2025

 []


Underfull \hbox (badness 10000) in paragraph at lines 2026--2028

 []

[56]
Underfull \hbox (badness 10000) in paragraph at lines 2045--2047

 []


Underfull \hbox (badness 10000) in paragraph at lines 2065--2077

 []


Underfull \hbox (badness 10000) in paragraph at lines 2078--2085

 []

[57]
Underfull \hbox (badness 10000) in paragraph at lines 2092--2094

 []


Underfull \hbox (badness 10000) in paragraph at lines 2095--2100

 []

[58]
Underfull \hbox (badness 10000) in paragraph at lines 2130--2130
[]|$\U/msa/m/n/10.95 )
 []


Underfull \hbox (badness 10000) in paragraph at lines 2146--2164

 []

[59]
Underfull \hbox (badness 10000) in paragraph at lines 2165--2224

 []

[60] [61] [62]
Underfull \hbox (badness 10000) in paragraph at lines 2309--2372

 []

[63] [64]
Underfull \hbox (badness 10000) in paragraph at lines 2394--2395

 []


Underfull \hbox (badness 10000) in paragraph at lines 2396--2399

 []


Underfull \hbox (badness 10000) in paragraph at lines 2400--2403

 []


Underfull \hbox (badness 10000) in paragraph at lines 2408--2409

 []


Underfull \hbox (badness 10000) in paragraph at lines 2410--2411

 []

<Phil120Pictures/image1.png, id=2259, 157.7895pt x 76.48575pt>
File: Phil120Pictures/image1.png Graphic file (type png)
<use Phil120Pictures/image1.png>
Package pdftex.def Info: Phil120Pictures/image1.png  used on input line 2425.
(pdftex.def)             Requested size: 157.78911pt x 76.48553pt.

Underfull \hbox (badness 10000) in paragraph at lines 2416--2427

 []

[65]
Underfull \hbox (badness 10000) in paragraph at lines 2428--2468

 []


Underfull \hbox (badness 10000) in paragraph at lines 2469--2471

 []


Underfull \hbox (badness 10000) in paragraph at lines 2472--2483

 []

[66 <./Phil120Pictures/image1.png>]
Underfull \hbox (badness 10000) in paragraph at lines 2484--2498

 []


Underfull \hbox (badness 10000) in paragraph at lines 2504--2509

 []


Underfull \hbox (badness 10000) in paragraph at lines 2510--2514

 []


Underfull \hbox (badness 10000) in paragraph at lines 2515--2518

 []


Underfull \hbox (badness 10000) in paragraph at lines 2519--2530

 []

[67]
<Phil120Pictures/image2.png, id=2274, 438.438pt x 489.62926pt>
File: Phil120Pictures/image2.png Graphic file (type png)
<use Phil120Pictures/image2.png>
Package pdftex.def Info: Phil120Pictures/image2.png  used on input line 2541.
(pdftex.def)             Requested size: 350.75087pt x 391.70393pt.

Underfull \hbox (badness 10000) in paragraph at lines 2541--2542

 []


Underfull \hbox (badness 10000) in paragraph at lines 2543--2545

 []

[68 <./Phil120Pictures/image2.png>]
Underfull \hbox (badness 10000) in paragraph at lines 2546--2559

 []


Underfull \hbox (badness 10000) in paragraph at lines 2560--2562

 []


Underfull \hbox (badness 10000) in paragraph at lines 2563--2572

 []


Underfull \hbox (badness 10000) in paragraph at lines 2573--2577

 []


Underfull \hbox (badness 10000) in paragraph at lines 2578--2580

 []


Underfull \hbox (badness 10000) in paragraph at lines 2581--2583

 []


Underfull \hbox (badness 10000) in paragraph at lines 2584--2586

 []


Underfull \hbox (badness 10000) in paragraph at lines 2587--2590

 []

[69]
Underfull \hbox (badness 10000) in paragraph at lines 2591--2594

 []


Underfull \hbox (badness 10000) in paragraph at lines 2595--2598

 []

<Phil120Pictures/image3.png, id=2284, 427.5975pt x 176.45924pt>
File: Phil120Pictures/image3.png Graphic file (type png)
<use Phil120Pictures/image3.png>
Package pdftex.def Info: Phil120Pictures/image3.png  used on input line 2600.
(pdftex.def)             Requested size: 342.07846pt x 141.16757pt.

Underfull \hbox (badness 10000) in paragraph at lines 2599--2610

 []

<Phil120Pictures/image4.png, id=2285, 225.2415pt x 98.16675pt>
File: Phil120Pictures/image4.png Graphic file (type png)
<use Phil120Pictures/image4.png>
Package pdftex.def Info: Phil120Pictures/image4.png  used on input line 2617.
(pdftex.def)             Requested size: 157.66795pt x 68.71625pt.

Underfull \hbox (badness 10000) in paragraph at lines 2611--2618

 []

[70 <./Phil120Pictures/image3.png> <./Phil120Pictures/image4.png>]
Underfull \hbox (badness 10000) in paragraph at lines 2619--2624

 []


Underfull \hbox (badness 10000) in paragraph at lines 2625--2628

 []


Underfull \hbox (badness 10000) in paragraph at lines 2629--2631

 []

<PreCalcPictures/Cartesian Coordinate system.jpg, id=2292, 1204.5pt x 803.0pt>
File: PreCalcPictures/Cartesian Coordinate system.jpg Graphic file (type jpg)
<use PreCalcPictures/Cartesian Coordinate system.jpg>
Package pdftex.def Info: PreCalcPictures/Cartesian Coordinate system.jpg  used on input line 2717.
(pdftex.def)             Requested size: 180.6672pt x 120.4448pt.
[71] [72 <./PreCalcPictures/Cartesian Coordinate system.jpg>]
Underfull \hbox (badness 10000) in paragraph at lines 2774--2779

 []

<PreCalcPictures/LinearSystemIntersection.png, id=2302, 409.53pt x 153.9351pt>
File: PreCalcPictures/LinearSystemIntersection.png Graphic file (type png)
<use PreCalcPictures/LinearSystemIntersection.png>
Package pdftex.def Info: PreCalcPictures/LinearSystemIntersection.png  used on input line 2793.
(pdftex.def)             Requested size: 286.66904pt x 107.75381pt.

Underfull \hbox (badness 10000) in paragraph at lines 2786--2801

 []

[73] [74 <./PreCalcPictures/LinearSystemIntersection.png>]
<PreCalcPictures/LinearInequalities.jpg, id=2313, 1532.72626pt x 687.56876pt>
File: PreCalcPictures/LinearInequalities.jpg Graphic file (type jpg)
<use PreCalcPictures/LinearInequalities.jpg>
Package pdftex.def Info: PreCalcPictures/LinearInequalities.jpg  used on input line 2840.
(pdftex.def)             Requested size: 459.82143pt x 206.27222pt.
 [75 <./PreCalcPictures/LinearInequalities.jpg>]
<PreCalcPictures/ParabolaSolutions.png, id=2318, 561.09625pt x 211.79124pt>
File: PreCalcPictures/ParabolaSolutions.png Graphic file (type png)
<use PreCalcPictures/ParabolaSolutions.png>
Package pdftex.def Info: PreCalcPictures/ParabolaSolutions.png  used on input line 2860.
(pdftex.def)             Requested size: 336.66034pt x 127.07571pt.

Underfull \hbox (badness 10000) in paragraph at lines 2853--2861

 []


Underfull \hbox (badness 10000) in paragraph at lines 2862--2874

 []


Underfull \hbox (badness 10000) in paragraph at lines 2862--2874

 []

[76 <./PreCalcPictures/ParabolaSolutions.png>] [77]
Underfull \hbox (badness 10000) in paragraph at lines 2919--2930

 []

<PreCalcPictures/Inequality1.png, id=2328, 469.755pt x 25.59563pt>
File: PreCalcPictures/Inequality1.png Graphic file (type png)
<use PreCalcPictures/Inequality1.png>
Package pdftex.def Info: PreCalcPictures/Inequality1.png  used on input line 2943.
(pdftex.def)             Requested size: 469.75386pt x 25.59555pt.
<PreCalcPictures/Inequality2.png, id=2329, 469.755pt x 24.84282pt>
File: PreCalcPictures/Inequality2.png Graphic file (type png)
<use PreCalcPictures/Inequality2.png>
Package pdftex.def Info: PreCalcPictures/Inequality2.png  used on input line 2945.
(pdftex.def)             Requested size: 469.75386pt x 24.84274pt.
<PreCalcPictures/Inequality3.png, id=2330, 469.755pt x 21.07875pt>
File: PreCalcPictures/Inequality3.png Graphic file (type png)
<use PreCalcPictures/Inequality3.png>
Package pdftex.def Info: PreCalcPictures/Inequality3.png  used on input line 2947.
(pdftex.def)             Requested size: 469.75386pt x 21.07867pt.
[78 <./PreCalcPictures/Inequality1.png> <./PreCalcPictures/Inequality2.png> <./PreCalcPictures/Inequality3.png>]
Underfull \hbox (badness 10000) in paragraph at lines 2960--2963

 []


Underfull \hbox (badness 10000) in paragraph at lines 2963--2967

 []


Underfull \hbox (badness 10000) in paragraph at lines 2967--2971

 []


Underfull \hbox (badness 10000) in paragraph at lines 2971--2975

 []


Underfull \hbox (badness 10000) in paragraph at lines 2975--2979

 []


Underfull \hbox (badness 10000) in paragraph at lines 2979--2983

 []


Underfull \hbox (badness 10000) in paragraph at lines 2983--2987

 []

[79]
Underfull \hbox (badness 10000) in paragraph at lines 2998--3004

 []

[80]
Underfull \hbox (badness 10000) in paragraph at lines 3029--3031

 []

<PreCalcPictures/ReciprocalEx.png, id=2347, 469.755pt x 345.54094pt>
File: PreCalcPictures/ReciprocalEx.png Graphic file (type png)
<use PreCalcPictures/ReciprocalEx.png>
Package pdftex.def Info: PreCalcPictures/ReciprocalEx.png  used on input line 3038.
(pdftex.def)             Requested size: 234.87692pt x 172.77003pt.
[81 <./PreCalcPictures/ReciprocalEx.png>]
Underfull \hbox (badness 10000) in paragraph at lines 3063--3074

 []

[82]
Underfull \hbox (badness 10000) in paragraph at lines 3086--3113

 []


Underfull \hbox (badness 10000) in paragraph at lines 3086--3113

 []


Underfull \hbox (badness 10000) in paragraph at lines 3086--3113

 []


Underfull \hbox (badness 10000) in paragraph at lines 3086--3113

 []


Underfull \hbox (badness 10000) in paragraph at lines 3086--3113

 []

[83]
<PreCalcPictures/ConicSections.png, id=2361, 803.0pt x 329.23pt>
File: PreCalcPictures/ConicSections.png Graphic file (type png)
<use PreCalcPictures/ConicSections.png>
Package pdftex.def Info: PreCalcPictures/ConicSections.png  used on input line 3129.
(pdftex.def)             Requested size: 401.49902pt x 164.6146pt.

Underfull \hbox (badness 10000) in paragraph at lines 3132--3134

 []

[84 <./PreCalcPictures/ConicSections.png>]
<PreCalcPictures/ParabolaConic.png, id=2367, 182.96202pt x 136.61165pt>
File: PreCalcPictures/ParabolaConic.png Graphic file (type png)
<use PreCalcPictures/ParabolaConic.png>
Package pdftex.def Info: PreCalcPictures/ParabolaConic.png  used on input line 3155.
(pdftex.def)             Requested size: 219.55331pt x 163.93315pt.

Underfull \hbox (badness 10000) in paragraph at lines 3154--3159

 []

[85 <./PreCalcPictures/ParabolaConic.png (PNG copy)>]
<PreCalcPictures/HyperbolaGraph.png, id=2373, 1095.09125pt x 881.2925pt>
File: PreCalcPictures/HyperbolaGraph.png Graphic file (type png)
<use PreCalcPictures/HyperbolaGraph.png>
Package pdftex.def Info: PreCalcPictures/HyperbolaGraph.png  used on input line 3173.
(pdftex.def)             Requested size: 328.5299pt x 264.38979pt.
 [86 <./PreCalcPictures/HyperbolaGraph.png>]
Underfull \hbox (badness 10000) in paragraph at lines 3189--3203

 []


Underfull \hbox (badness 10000) in paragraph at lines 3205--3219

 []

[87] [88]
Underfull \hbox (badness 10000) in paragraph at lines 3256--3262

 []


Underfull \hbox (badness 10000) in paragraph at lines 3256--3262

 []


Underfull \hbox (badness 10000) in paragraph at lines 3278--3285

 []

[89] [90]
<PreCalcPictures/ReferenceAngle.png, id=2396, 2738.23pt x 2354.7975pt>
File: PreCalcPictures/ReferenceAngle.png Graphic file (type png)
<use PreCalcPictures/ReferenceAngle.png>
Package pdftex.def Info: PreCalcPictures/ReferenceAngle.png  used on input line 3367.
(pdftex.def)             Requested size: 355.98239pt x 306.13441pt.
 [91]
<PreCalcPictures/SinxandCosx.jpg, id=2402, 234.6366pt x 212.9556pt>
File: PreCalcPictures/SinxandCosx.jpg Graphic file (type jpg)
<use PreCalcPictures/SinxandCosx.jpg>
Package pdftex.def Info: PreCalcPictures/SinxandCosx.jpg  used on input line 3382.
(pdftex.def)             Requested size: 281.5625pt x 255.54543pt.
 [92 <./PreCalcPictures/ReferenceAngle.png>] [93 <./PreCalcPictures/SinxandCosx.jpg>]
<PreCalcPictures/tanx.png, id=2413, 380.42125pt x 248.93pt>
File: PreCalcPictures/tanx.png Graphic file (type png)
<use PreCalcPictures/tanx.png>
Package pdftex.def Info: PreCalcPictures/tanx.png  used on input line 3401.
(pdftex.def)             Requested size: 342.37595pt x 224.03491pt.
<PreCalcPictures/Cscx.png, id=2414, 372.64218pt x 368.87813pt>
File: PreCalcPictures/Cscx.png Graphic file (type png)
<use PreCalcPictures/Cscx.png>
Package pdftex.def Info: PreCalcPictures/Cscx.png  used on input line 3408.
(pdftex.def)             Requested size: 149.05423pt x 147.54863pt.
<PreCalcPictures/Secx.png, id=2415, 371.13657pt x 368.87813pt>
File: PreCalcPictures/Secx.png Graphic file (type png)
<use PreCalcPictures/Secx.png>
Package pdftex.def Info: PreCalcPictures/Secx.png  used on input line 3409.
(pdftex.def)             Requested size: 148.45198pt x 147.54863pt.
<PreCalcPictures/Cotx.png, id=2416, 370.38374pt x 368.87813pt>
File: PreCalcPictures/Cotx.png Graphic file (type png)
<use PreCalcPictures/Cotx.png>
Package pdftex.def Info: PreCalcPictures/Cotx.png  used on input line 3410.
(pdftex.def)             Requested size: 148.15086pt x 147.54863pt.
 [94 <./PreCalcPictures/tanx.png> <./PreCalcPictures/Cscx.png> <./PreCalcPictures/Secx.png> <./PreCalcPictures/Cotx.png>] [95] [96]
Underfull \hbox (badness 10000) in paragraph at lines 3495--3496

 []

[97]
<PreCalcPictures/InverseTrigGraphs.png, id=2438, 939.51pt x 678.535pt>
File: PreCalcPictures/InverseTrigGraphs.png Graphic file (type png)
<use PreCalcPictures/InverseTrigGraphs.png>
Package pdftex.def Info: PreCalcPictures/InverseTrigGraphs.png  used on input line 3535.
(pdftex.def)             Requested size: 469.75385pt x 339.26666pt.
 [98]
<PreCalcPictures/TriangleInvTrig.png, id=2443, 313.9228pt x 190.46156pt>
File: PreCalcPictures/TriangleInvTrig.png Graphic file (type png)
<use PreCalcPictures/TriangleInvTrig.png>
Package pdftex.def Info: PreCalcPictures/TriangleInvTrig.png  used on input line 3562.
(pdftex.def)             Requested size: 156.96101pt x 95.23053pt.
 [99 <./PreCalcPictures/InverseTrigGraphs.png>] [100 <./PreCalcPictures/TriangleInvTrig.png>]
Underfull \hbox (badness 10000) in paragraph at lines 3683--3688

 []

[101] [102]
<DifferentialCalculusPictures/limitTriangle.png, id=2461, 333.49594pt x 288.3272pt>
File: DifferentialCalculusPictures/limitTriangle.png Graphic file (type png)
<use DifferentialCalculusPictures/limitTriangle.png>
Package pdftex.def Info: DifferentialCalculusPictures/limitTriangle.png  used on input line 3735.
(pdftex.def)             Requested size: 200.09909pt x 172.99763pt.
 [103] [104 <./DifferentialCalculusPictures/limitTriangle.png>]
<DifferentialCalculusPictures/Tangent.png, id=2472, 469.755pt x 304.13625pt>
File: DifferentialCalculusPictures/Tangent.png Graphic file (type png)
<use DifferentialCalculusPictures/Tangent.png>
Package pdftex.def Info: DifferentialCalculusPictures/Tangent.png  used on input line 3800.
(pdftex.def)             Requested size: 328.82626pt x 212.8939pt.

Underfull \hbox (badness 10000) in paragraph at lines 3799--3807

 []

[105] [106 <./DifferentialCalculusPictures/Tangent.png>] [107] [108]
Underfull \hbox (badness 10000) in paragraph at lines 3890--3898

 []


Underfull \hbox (badness 10000) in paragraph at lines 3890--3898

 []


Underfull \hbox (badness 10000) in paragraph at lines 3890--3898

 []

[109] [110] [111] [112]
Overfull \hbox (22.07385pt too wide) detected at line 4057
[]
 []

[113] [114] [115] [116] [117] [118] [119]
Underfull \hbox (badness 10000) in paragraph at lines 4282--4285

 []


Underfull \hbox (badness 10000) in paragraph at lines 4301--4307

 []

[120]
<DifferentialCalculusPictures/RollesTheorem.png, id=2549, 298.11375pt x 286.06876pt>
File: DifferentialCalculusPictures/RollesTheorem.png Graphic file (type png)
<use DifferentialCalculusPictures/RollesTheorem.png>
Package pdftex.def Info: DifferentialCalculusPictures/RollesTheorem.png  used on input line 4338.
(pdftex.def)             Requested size: 178.86963pt x 171.64258pt.
 [121 <./DifferentialCalculusPictures/RollesTheorem.png>]
<DifferentialCalculusPictures/MVTImage.png, id=2556, 383.93437pt x 355.3275pt>
File: DifferentialCalculusPictures/MVTImage.png Graphic file (type png)
<use DifferentialCalculusPictures/MVTImage.png>
Package pdftex.def Info: DifferentialCalculusPictures/MVTImage.png  used on input line 4368.
(pdftex.def)             Requested size: 230.3624pt x 213.19814pt.
 [122 <./DifferentialCalculusPictures/MVTImage.png>] [123] [124]
<DifferentialCalculusPictures/Concavity.png, id=2570, 543.53062pt x 240.14719pt>
File: DifferentialCalculusPictures/Concavity.png Graphic file (type png)
<use DifferentialCalculusPictures/Concavity.png>
Package pdftex.def Info: DifferentialCalculusPictures/Concavity.png  used on input line 4463.
(pdftex.def)             Requested size: 380.46883pt x 168.10187pt.
 [125] [126 <./DifferentialCalculusPictures/Concavity.png>] [127]
<DifferentialCalculusPictures/SketchingEx1.png, id=2593, 469.755pt x 297.36093pt>
File: DifferentialCalculusPictures/SketchingEx1.png Graphic file (type png)
<use DifferentialCalculusPictures/SketchingEx1.png>
Package pdftex.def Info: DifferentialCalculusPictures/SketchingEx1.png  used on input line 4545.
(pdftex.def)             Requested size: 422.7756pt x 267.62236pt.

Underfull \hbox (badness 10000) in paragraph at lines 4535--4546

 []

[128 <./DifferentialCalculusPictures/SketchingEx1.png>]
<DifferentialCalculusPictures/OptimizationEx.png, id=2603, 376.40625pt x 234.1247pt>
File: DifferentialCalculusPictures/OptimizationEx.png Graphic file (type png)
<use DifferentialCalculusPictures/OptimizationEx.png>
Package pdftex.def Info: DifferentialCalculusPictures/OptimizationEx.png  used on input line 4580.
(pdftex.def)             Requested size: 301.1254pt x 187.3pt.
 [129 <./DifferentialCalculusPictures/OptimizationEx.png>]
<DifferentialCalculusPictures/InscribedCylinder.png, id=2610, 240.9pt x 225.09094pt>
File: DifferentialCalculusPictures/InscribedCylinder.png Graphic file (type png)
<use DifferentialCalculusPictures/InscribedCylinder.png>
Package pdftex.def Info: DifferentialCalculusPictures/InscribedCylinder.png  used on input line 4595.
(pdftex.def)             Requested size: 156.58313pt x 146.30736pt.
 [130 <./DifferentialCalculusPictures/InscribedCylinder.png>]
Underfull \hbox (badness 10000) in paragraph at lines 4621--4624

 []

[131]
Underfull \hbox (badness 10000) in paragraph at lines 4708--4710

 []

<IntegralCalcPictures/RiemannSums.png, id=2620, 877.2775pt x 320.19624pt>
File: IntegralCalcPictures/RiemannSums.png Graphic file (type png)
<use IntegralCalcPictures/RiemannSums.png>
Package pdftex.def Info: IntegralCalcPictures/RiemannSums.png  used on input line 4714.
(pdftex.def)             Requested size: 500.05338pt x 182.51375pt.

Overfull \hbox (30.29836pt too wide) in paragraph at lines 4711--4717
[] 
 []

[132 <./IntegralCalcPictures/RiemannSums.png>] [133]
Underfull \hbox (badness 10000) in paragraph at lines 4757--4759

 []


Underfull \hbox (badness 10000) in paragraph at lines 4767--4779

 []

[134]
Underfull \hbox (badness 10000) in paragraph at lines 4797--4799

 []

[135]
Underfull \hbox (badness 10000) in paragraph at lines 4826--4828

 []

[136]
<IntegralCalcPictures/AreaOfBellCurve.png, id=2644, 469.755pt x 268.00125pt>
File: IntegralCalcPictures/AreaOfBellCurve.png Graphic file (type png)
<use IntegralCalcPictures/AreaOfBellCurve.png>
Package pdftex.def Info: IntegralCalcPictures/AreaOfBellCurve.png  used on input line 4851.
(pdftex.def)             Requested size: 375.80452pt x 214.40128pt.
 [137 <./IntegralCalcPictures/AreaOfBellCurve.png>] [138] [139] [140] [141] [142] [143] [144]
Underfull \hbox (badness 10000) in paragraph at lines 5098--5099

 []

<IntegralCalcPictures/TrigSubTan.png, id=2680, 343.2825pt x 197.98969pt>
File: IntegralCalcPictures/TrigSubTan.png Graphic file (type png)
<use IntegralCalcPictures/TrigSubTan.png>
Package pdftex.def Info: IntegralCalcPictures/TrigSubTan.png  used on input line 5101.
(pdftex.def)             Requested size: 240.2961pt x 138.59183pt.
<IntegralCalcPictures/TrigSubSin.png, id=2681, 324.46219pt x 202.50656pt>
File: IntegralCalcPictures/TrigSubSin.png Graphic file (type png)
<use IntegralCalcPictures/TrigSubSin.png>
Package pdftex.def Info: IntegralCalcPictures/TrigSubSin.png  used on input line 5103.
(pdftex.def)             Requested size: 227.12196pt x 141.7536pt.
<IntegralCalcPictures/TrigSubSec.png, id=2682, 391.4625pt x 201.00093pt>
File: IntegralCalcPictures/TrigSubSec.png Graphic file (type png)
<use IntegralCalcPictures/TrigSubSec.png>
Package pdftex.def Info: IntegralCalcPictures/TrigSubSec.png  used on input line 5105.
(pdftex.def)             Requested size: 274.02187pt x 140.69968pt.
[145 <./IntegralCalcPictures/TrigSubTan.png> <./IntegralCalcPictures/TrigSubSin.png>] [146 <./IntegralCalcPictures/TrigSubSec.png>] [147]
Underfull \hbox (badness 10000) in paragraph at lines 5172--5174

 []

[148] [149] [150]
Underfull \hbox (badness 10000) in paragraph at lines 5277--5279

 []

[151]
Underfull \hbox (badness 10000) in paragraph at lines 5314--5316

 []

[152]
Underfull \hbox (badness 10000) in paragraph at lines 5340--5341

 []

<IntegralCalcPictures/AreaBetweenCurvesEx1.png, id=2720, 371.13657pt x 348.55219pt>
File: IntegralCalcPictures/AreaBetweenCurvesEx1.png Graphic file (type png)
<use IntegralCalcPictures/AreaBetweenCurvesEx1.png>
Package pdftex.def Info: IntegralCalcPictures/AreaBetweenCurvesEx1.png  used on input line 5344.
(pdftex.def)             Requested size: 185.56783pt x 174.27565pt.
[153]
<IntegralCalcPictures/AreaBetweenCurvesEx2.png, id=2725, 377.15906pt x 433.62pt>
File: IntegralCalcPictures/AreaBetweenCurvesEx2.png Graphic file (type png)
<use IntegralCalcPictures/AreaBetweenCurvesEx2.png>
Package pdftex.def Info: IntegralCalcPictures/AreaBetweenCurvesEx2.png  used on input line 5356.
(pdftex.def)             Requested size: 188.57907pt x 216.80946pt.
 [154 <./IntegralCalcPictures/AreaBetweenCurvesEx1.png> <./IntegralCalcPictures/AreaBetweenCurvesEx2.png>]
<IntegralCalcPictures/AreaBetweenCurvesEx3.png, id=2732, 417.05812pt x 405.01312pt>
File: IntegralCalcPictures/AreaBetweenCurvesEx3.png Graphic file (type png)
<use IntegralCalcPictures/AreaBetweenCurvesEx3.png>
Package pdftex.def Info: IntegralCalcPictures/AreaBetweenCurvesEx3.png  used on input line 5372.
(pdftex.def)             Requested size: 208.52855pt x 202.50606pt.
 [155 <./IntegralCalcPictures/AreaBetweenCurvesEx3.png>] [156]
<IntegralCalcPictures/ArcLengthTriangle.png, id=2742, 280.04625pt x 264.99pt>
File: IntegralCalcPictures/ArcLengthTriangle.png Graphic file (type png)
<use IntegralCalcPictures/ArcLengthTriangle.png>
Package pdftex.def Info: IntegralCalcPictures/ArcLengthTriangle.png  used on input line 5435.
(pdftex.def)             Requested size: 196.03102pt x 185.49173pt.
 [157] [158 <./IntegralCalcPictures/ArcLengthTriangle.png>]
Overfull \hbox (7.42197pt too wide) in paragraph at lines 5462--5466
\OT1/cmr/m/n/10.95 Similar to vol-umes of rev-o-lu-tion, we can com-pute the sur-face area us-ing rings: $[]$ 
 []

[159]
Overfull \hbox (7.12807pt too wide) detected at line 5526
[]
 []

[160] [161] [162] [163] [164]
Underfull \hbox (badness 10000) in paragraph at lines 5701--5703

 []

[165]
Underfull \hbox (badness 10000) in paragraph at lines 5711--5713

 []

[166] [167]
Underfull \hbox (badness 10000) in paragraph at lines 5765--5769

 []

[168]
Underfull \hbox (badness 10000) in paragraph at lines 5795--5797

 []


Underfull \hbox (badness 10000) in paragraph at lines 5818--5823

 []

[169] [170] [171]
Overfull \hbox (7.72525pt too wide) detected at line 5879
[]
 []


Underfull \hbox (badness 10000) in paragraph at lines 5904--5909

 []

[172]
Underfull \hbox (badness 10000) in paragraph at lines 5931--5933

 []

[173]
<FourierImages/Convolution.png, id=2816, 291.0875pt x 174.6525pt>
File: FourierImages/Convolution.png Graphic file (type png)
<use FourierImages/Convolution.png>
Package pdftex.def Info: FourierImages/Convolution.png  used on input line 5946.
(pdftex.def)             Requested size: 232.8703pt x 139.72218pt.
 [174 <./FourierImages/Convolution.png (PNG copy)>] [175] [176] [177] [178] [179]
Underfull \hbox (badness 10000) in paragraph at lines 6123--6125

 []

[180] [181]
Underfull \hbox (badness 10000) in paragraph at lines 6188--6189

 []


Overfull \hbox (39.29933pt too wide) detected at line 6199
[]
 []


Overfull \hbox (41.73265pt too wide) detected at line 6206
[]
 []

[182]
Underfull \hbox (badness 10000) in paragraph at lines 6230--6232

 []

<FourierImages/SeriesEx2.png, id=2855, 268.6035pt x 146.949pt>
File: FourierImages/SeriesEx2.png Graphic file (type png)
<use FourierImages/SeriesEx2.png>
Package pdftex.def Info: FourierImages/SeriesEx2.png  used on input line 6237.
(pdftex.def)             Requested size: 268.60284pt x 146.94864pt.
[183]
Underfull \hbox (badness 10000) in paragraph at lines 6250--6252

 []

[184 <./FourierImages/SeriesEx2.png>] [185]
<FourierImages/SeriesEx1.png, id=2870, 196.3335pt x 137.91525pt>
File: FourierImages/SeriesEx1.png Graphic file (type png)
<use FourierImages/SeriesEx1.png>
Package pdftex.def Info: FourierImages/SeriesEx1.png  used on input line 6299.
(pdftex.def)             Requested size: 215.9675pt x 151.70723pt.
 [186 <./FourierImages/SeriesEx1.png>] [187]
Underfull \hbox (badness 10000) in paragraph at lines 6333--6336

 []

<FourierImages/FourierTransformDerivation.png, id=2881, 323.40825pt x 68.6565pt>
File: FourierImages/FourierTransformDerivation.png Graphic file (type png)
<use FourierImages/FourierTransformDerivation.png>
Package pdftex.def Info: FourierImages/FourierTransformDerivation.png  used on input line 6346.
(pdftex.def)             Requested size: 323.40744pt x 68.65631pt.
[188 <./FourierImages/FourierTransformDerivation.png>]
<FourierImages/DTSincEx1.png, id=2887, 230.66174pt x 165.61874pt>
File: FourierImages/DTSincEx1.png Graphic file (type png)
<use FourierImages/DTSincEx1.png>
Package pdftex.def Info: FourierImages/DTSincEx1.png  used on input line 6353.
(pdftex.def)             Requested size: 230.66116pt x 165.61833pt.
<FourierImages/CTSincEx1.png, id=2888, 221.02576pt x 155.3805pt>
File: FourierImages/CTSincEx1.png Graphic file (type png)
<use FourierImages/CTSincEx1.png>
Package pdftex.def Info: FourierImages/CTSincEx1.png  used on input line 6357.
(pdftex.def)             Requested size: 221.0252pt x 155.3801pt.
<FourierImages/convergingSinc.png, id=2889, 303.534pt x 216.20775pt>
File: FourierImages/convergingSinc.png Graphic file (type png)
<use FourierImages/convergingSinc.png>
Package pdftex.def Info: FourierImages/convergingSinc.png  used on input line 6364.
(pdftex.def)             Requested size: 303.53325pt x 216.20721pt.
 [189 <./FourierImages/DTSincEx1.png> <./FourierImages/CTSincEx1.png>] [190 <./FourierImages/convergingSinc.png>] [191] [192] [193]
Underfull \hbox (badness 10000) in paragraph at lines 6488--6490

 []

[194] [195] [196] [197] [198]
Overfull \hbox (2.90556pt too wide) detected at line 6661
[]
 []


Underfull \hbox (badness 10000) in paragraph at lines 6661--6663

 []

[199] [200]
Underfull \hbox (badness 10000) in paragraph at lines 6763--6767

 []

[201] [202]
Underfull \hbox (badness 10000) in paragraph at lines 6813--6820

 []


Underfull \hbox (badness 10000) in paragraph at lines 6821--6822

 []


Underfull \hbox (badness 10000) in paragraph at lines 6823--6824

 []


Underfull \hbox (badness 10000) in paragraph at lines 6825--6836

 []


Underfull \hbox (badness 10000) in paragraph at lines 6837--6850

 []

[203]
Underfull \hbox (badness 10000) in paragraph at lines 6871--6891

 []

[204]
Underfull \hbox (badness 10000) in paragraph at lines 6910--6911

 []


Underfull \hbox (badness 10000) in paragraph at lines 6919--6925

 []


Underfull \hbox (badness 10000) in paragraph at lines 6979--6982

 []


Underfull \hbox (badness 10000) in paragraph at lines 6982--6986

 []

[205]
Underfull \hbox (badness 10000) in paragraph at lines 6986--6992

 []

<LinearAlgebraPictures/VectorAddition.png, id=2966, 1875.005pt x 1010.77625pt>
File: LinearAlgebraPictures/VectorAddition.png Graphic file (type png)
<use LinearAlgebraPictures/VectorAddition.png>
Package pdftex.def Info: LinearAlgebraPictures/VectorAddition.png  used on input line 7000.
(pdftex.def)             Requested size: 374.99435pt x 202.15166pt.
<LinearAlgebraPictures/VectorSubtraction.png, id=2967, 1204.5pt x 871.255pt>
File: LinearAlgebraPictures/VectorSubtraction.png Graphic file (type png)
<use LinearAlgebraPictures/VectorSubtraction.png>
Package pdftex.def Info: LinearAlgebraPictures/VectorSubtraction.png  used on input line 7004.
(pdftex.def)             Requested size: 180.6672pt x 130.6826pt.
[206 <./LinearAlgebraPictures/VectorAddition.png>]
Underfull \hbox (badness 10000) in paragraph at lines 7012--7015

 []

<LinearAlgebraPictures/DotProductProof.png, id=2973, 287.0725pt x 271.0125pt>
File: LinearAlgebraPictures/DotProductProof.png Graphic file (type png)
<use LinearAlgebraPictures/DotProductProof.png>
Package pdftex.def Info: LinearAlgebraPictures/DotProductProof.png  used on input line 7018.
(pdftex.def)             Requested size: 229.65831pt x 216.81029pt.
[207 <./LinearAlgebraPictures/VectorSubtraction.png> <./LinearAlgebraPictures/DotProductProof.png>]
Underfull \hbox (badness 10000) in paragraph at lines 7054--7058

 []

[208]
Overfull \hbox (0.75551pt too wide) detected at line 7058
[] \OT1/cmr/m/n/10.95 = \OML/cmm/m/it/10.95 a[] [] \OMS/cmsy/m/n/10.95 ^^@ \OML/cmm/m/it/10.95 a[] [] \OT1/cmr/m/n/10.95 + \OML/cmm/m/it/10.95 a[] [] \OT1/cmr/m/n/10.95 = \OML/cmm/m/it/10.95 a[]b[]c[] \OT1/cmr/m/n/10.95 + \OML/cmm/m/it/10.95 a[]b[]c[] \OT1/cmr/m/n/10.95 + \OML/cmm/m/it/10.95 a[]b[]c[] \OMS/cmsy/m/n/10.95 ^^@ \OML/cmm/m/it/10.95 a[]b[]c[] \OMS/cmsy/m/n/10.95 ^^@ \OML/cmm/m/it/10.95 a[]b[]c[] \OMS/cmsy/m/n/10.95 ^^@ \OML/cmm/m/it/10.95 a[]b[]c[]
 []

[209] [210] [211]
Underfull \hbox (badness 10000) in paragraph at lines 7165--7171

 []


Underfull \hbox (badness 10000) in paragraph at lines 7177--7179

 []

[212]
Underfull \hbox (badness 10000) in paragraph at lines 7195--7199

 []

[213] [214] [215]
<LinearAlgebraPictures/ResisterNetworksEx.png, id=3030, 321.2pt x 240.9pt>
File: LinearAlgebraPictures/ResisterNetworksEx.png Graphic file (type png)
<use LinearAlgebraPictures/ResisterNetworksEx.png>
Package pdftex.def Info: LinearAlgebraPictures/ResisterNetworksEx.png  used on input line 7323.
(pdftex.def)             Requested size: 256.96034pt x 192.72025pt.
 [216] [217 <./LinearAlgebraPictures/ResisterNetworksEx.png>] [218] [219] [220] [221] [222] [223] [224] [225] [226] [227] [228] [229] [230] [231]
Underfull \hbox (badness 10000) in paragraph at lines 7781--7787

 []

[232]
Overfull \hbox (58.00368pt too wide) in paragraph at lines 7823--7826
\OT1/cmr/m/n/10.95 Def: If $\OML/cmm/m/it/10.95 U \OMS/cmsy/m/n/10.95 2 \U/msb/m/n/10.95 R[]$ \OT1/cmr/m/n/10.95 is a sub-space, then the \OT1/cmr/m/it/10.95 or-thog-o-nal com-ple-ment \OT1/cmr/m/n/10.95 of $\OML/cmm/m/it/10.95 U$ \OT1/cmr/m/n/10.95 is the set $\OML/cmm/m/it/10.95 U[] \OT1/cmr/m/n/10.95 = []$
 []

[233] [234] [235] [236] [237] [238] [239] [240] [241] [242]
Overfull \hbox (14.67339pt too wide) detected at line 8109
[]
 []

[243] [244] [245] [246] [247] [248] [249] [250] [251] [252]
Underfull \hbox (badness 10000) in paragraph at lines 8358--8359

 []

[253] [254] [255]
Underfull \hbox (badness 10000) in paragraph at lines 8483--8485

 []

[256]
Underfull \hbox (badness 10000) in paragraph at lines 8501--8503

 []

[257]
Underfull \hbox (badness 10000) in paragraph at lines 8563--8564

 []

<Math217Pictures/planeGraph.png, id=3213, 523.35526pt x 393.26926pt>
File: Math217Pictures/planeGraph.png Graphic file (type png)
<use Math217Pictures/planeGraph.png>
Package pdftex.def Info: Math217Pictures/planeGraph.png  used on input line 8569.
(pdftex.def)             Requested size: 261.67697pt x 196.63414pt.
[258]
<Math217Pictures/sphereGraph.png, id=3219, 511.31026pt x 337.26pt>
File: Math217Pictures/sphereGraph.png Graphic file (type png)
<use Math217Pictures/sphereGraph.png>
Package pdftex.def Info: Math217Pictures/sphereGraph.png  used on input line 8572.
(pdftex.def)             Requested size: 255.6545pt x 168.62958pt.
<Math217Pictures/cylinderGraph.png, id=3220, 686.565pt x 478.78876pt>
File: Math217Pictures/cylinderGraph.png Graphic file (type png)
<use Math217Pictures/cylinderGraph.png>
Package pdftex.def Info: Math217Pictures/cylinderGraph.png  used on input line 8575.
(pdftex.def)             Requested size: 274.62112pt x 191.5121pt.
 [259 <./Math217Pictures/planeGraph.png> <./Math217Pictures/sphereGraph.png>]
<Math217Pictures/coneGraph.png, id=3230, 624.3325pt x 653.44125pt>
File: Math217Pictures/coneGraph.png Graphic file (type png)
<use Math217Pictures/coneGraph.png>
Package pdftex.def Info: Math217Pictures/coneGraph.png  used on input line 8578.
(pdftex.def)             Requested size: 249.72858pt x 261.37187pt.
<Math217Pictures/parabaloidGraph.png, id=3231, 346.896pt x 323.40825pt>
File: Math217Pictures/parabaloidGraph.png Graphic file (type png)
<use Math217Pictures/parabaloidGraph.png>
Package pdftex.def Info: Math217Pictures/parabaloidGraph.png  used on input line 8581.
(pdftex.def)             Requested size: 208.13919pt x 194.04643pt.
 [260 <./Math217Pictures/cylinderGraph.png> <./Math217Pictures/coneGraph.png>]
<Math217Pictures/saddleGraph.png, id=3240, 433.01775pt x 301.125pt>
File: Math217Pictures/saddleGraph.png Graphic file (type png)
<use Math217Pictures/saddleGraph.png>
Package pdftex.def Info: Math217Pictures/saddleGraph.png  used on input line 8584.
(pdftex.def)             Requested size: 216.50833pt x 150.56212pt.
<Math217Pictures/contourPlot.png, id=3241, 388.45125pt x 189.1065pt>
File: Math217Pictures/contourPlot.png Graphic file (type png)
<use Math217Pictures/contourPlot.png>
Package pdftex.def Info: Math217Pictures/contourPlot.png  used on input line 8594.
(pdftex.def)             Requested size: 310.76141pt x 151.2854pt.
<Math217Pictures/levelCurves.png, id=3242, 366.168pt x 232.4685pt>
File: Math217Pictures/levelCurves.png Graphic file (type png)
<use Math217Pictures/levelCurves.png>
Package pdftex.def Info: Math217Pictures/levelCurves.png  used on input line 8597.
(pdftex.def)             Requested size: 292.93478pt x 185.97504pt.
 [261 <./Math217Pictures/parabaloidGraph.png> <./Math217Pictures/saddleGraph.png>] [262 <./Math217Pictures/contourPlot.png> <./Math217Pictures/levelCurves.png>]
Underfull \hbox (badness 10000) in paragraph at lines 8645--8652

 []

[263]
Underfull \hbox (badness 10000) in paragraph at lines 8656--8658

 []

[264]
Underfull \hbox (badness 10000) in paragraph at lines 8695--8696

 []

[265]
Underfull \hbox (badness 10000) in paragraph at lines 8715--8720

 []

[266]
Underfull \hbox (badness 10000) in paragraph at lines 8759--8762

 []

[267] [268] [269]
<PreCalcPictures/PolarGraph1.png, id=3286, 340.27126pt x 331.2375pt>
File: PreCalcPictures/PolarGraph1.png Graphic file (type png)
<use PreCalcPictures/PolarGraph1.png>
Package pdftex.def Info: PreCalcPictures/PolarGraph1.png  used on input line 8855.
(pdftex.def)             Requested size: 238.18825pt x 231.86465pt.
<PreCalcPictures/PolarGraph2.png, id=3287, 352.31625pt x 381.67593pt>
File: PreCalcPictures/PolarGraph2.png Graphic file (type png)
<use PreCalcPictures/PolarGraph2.png>
Package pdftex.def Info: PreCalcPictures/PolarGraph2.png  used on input line 8857.
(pdftex.def)             Requested size: 246.61969pt x 267.17133pt.
 [270 <./PreCalcPictures/PolarGraph1.png>]
Overfull \hbox (3.60547pt too wide) detected at line 8878
[]
 []

[271 <./PreCalcPictures/PolarGraph2.png>]
Underfull \hbox (badness 10000) in paragraph at lines 8881--8883

 []

<Math217Pictures/cylindricalCoordinates.png, id=3299, 662.475pt x 825.0825pt>
File: Math217Pictures/cylindricalCoordinates.png Graphic file (type png)
<use Math217Pictures/cylindricalCoordinates.png>
Package pdftex.def Info: Math217Pictures/cylindricalCoordinates.png  used on input line 8908.
(pdftex.def)             Requested size: 198.74403pt x 247.52666pt.
[272]
<Math217Pictures/sphericalCoordinates.png, id=3304, 1104.125pt x 962.59625pt>
File: Math217Pictures/sphericalCoordinates.png Graphic file (type png)
<use Math217Pictures/sphericalCoordinates.png>
Package pdftex.def Info: Math217Pictures/sphericalCoordinates.png  used on input line 8923.
(pdftex.def)             Requested size: 331.24005pt x 288.7811pt.
 [273 <./Math217Pictures/cylindricalCoordinates.png>] [274 <./Math217Pictures/sphericalCoordinates.png>]
Underfull \hbox (badness 10000) in paragraph at lines 8988--8996

 []

[275] [276] [277]
<Math217Pictures/vectorFieldEx1.png, id=3328, 417.9615pt x 418.56375pt>
File: Math217Pictures/vectorFieldEx1.png Graphic file (type png)
<use Math217Pictures/vectorFieldEx1.png>
Package pdftex.def Info: Math217Pictures/vectorFieldEx1.png  used on input line 9115.
(pdftex.def)             Requested size: 250.77882pt x 251.14018pt.
<Math217Pictures/vectorFieldEx2.png, id=3329, 377.0085pt x 376.40625pt>
File: Math217Pictures/vectorFieldEx2.png Graphic file (type png)
<use Math217Pictures/vectorFieldEx2.png>
Package pdftex.def Info: Math217Pictures/vectorFieldEx2.png  used on input line 9117.
(pdftex.def)             Requested size: 226.20683pt x 225.84547pt.
 [278] [279 <./Math217Pictures/vectorFieldEx1.png> <./Math217Pictures/vectorFieldEx2.png>]
Underfull \hbox (badness 10000) in paragraph at lines 9128--9130

 []


Underfull \hbox (badness 10000) in paragraph at lines 9130--9136

 []

[280]
Underfull \hbox (badness 10000) in paragraph at lines 9164--9166

 []

[281] [282] [283] [284] [285]
<Math217Pictures/divergenceThmEx.png, id=3365, 410.7345pt x 330.63525pt>
File: Math217Pictures/divergenceThmEx.png Graphic file (type png)
<use Math217Pictures/divergenceThmEx.png>
Package pdftex.def Info: Math217Pictures/divergenceThmEx.png  used on input line 9322.
(pdftex.def)             Requested size: 205.36674pt x 165.31721pt.
 [286 <./Math217Pictures/divergenceThmEx.png>]
<Math217Pictures/divergenceThmEx2.png, id=3371, 330.63525pt x 284.86424pt>
File: Math217Pictures/divergenceThmEx2.png Graphic file (type png)
<use Math217Pictures/divergenceThmEx2.png>
Package pdftex.def Info: Math217Pictures/divergenceThmEx2.png  used on input line 9338.
(pdftex.def)             Requested size: 165.31721pt x 142.43176pt.
 [287 <./Math217Pictures/divergenceThmEx2.png>]
<Math217Pictures/stokesThmEx.png, id=3377, 359.54324pt x 441.44925pt>
File: Math217Pictures/stokesThmEx.png Graphic file (type png)
<use Math217Pictures/stokesThmEx.png>
Package pdftex.def Info: Math217Pictures/stokesThmEx.png  used on input line 9352.
(pdftex.def)             Requested size: 179.77118pt x 220.72408pt.
 [288 <./Math217Pictures/stokesThmEx.png>]
Overfull \hbox (1.80794pt too wide) detected at line 9394
[]
 []

[289]
Underfull \hbox (badness 10000) in paragraph at lines 9482--9483

 []

[290]
Underfull \hbox (badness 10000) in paragraph at lines 9495--9505

 []


Underfull \hbox (badness 10000) in paragraph at lines 9495--9505

 []

[291] [292] [293]
Overfull \hbox (22.2627pt too wide) detected at line 9611
[]
 []

[294]
<ODEPictures/PhaseLineStable.png, id=3409, 98.3675pt x 136.51pt>
File: ODEPictures/PhaseLineStable.png Graphic file (type png)
<use ODEPictures/PhaseLineStable.png>
Package pdftex.def Info: ODEPictures/PhaseLineStable.png  used on input line 9623.
(pdftex.def)             Requested size: 98.36723pt x 136.50966pt.
<ODEPictures/PhaseLineUnstable.png, id=3410, 103.38625pt x 136.51pt>
File: ODEPictures/PhaseLineUnstable.png Graphic file (type png)
<use ODEPictures/PhaseLineUnstable.png>
Package pdftex.def Info: ODEPictures/PhaseLineUnstable.png  used on input line 9623.
(pdftex.def)             Requested size: 103.38599pt x 136.50966pt.

Underfull \hbox (badness 10000) in paragraph at lines 9632--9636

 []

[295 <./ODEPictures/PhaseLineStable.png> <./ODEPictures/PhaseLineUnstable.png>]
Underfull \hbox (badness 10000) in paragraph at lines 9640--9644

 []

[296]
Underfull \hbox (badness 10000) in paragraph at lines 9714--9717

 []

[297] [298]
Underfull \hbox (badness 10000) in paragraph at lines 9787--9792

 []

[299] [300] [301] [302]
Underfull \hbox (badness 10000) in paragraph at lines 9907--9911

 []

<ODEPictures/resonance.png, id=3447, 339.669pt x 245.11575pt>
File: ODEPictures/resonance.png Graphic file (type png)
<use ODEPictures/resonance.png>
Package pdftex.def Info: ODEPictures/resonance.png  used on input line 9914.
(pdftex.def)             Requested size: 271.73557pt x 196.09285pt.
[303]
<ODEPictures/Beats.png, id=3452, 331.83975pt x 243.91125pt>
File: ODEPictures/Beats.png Graphic file (type png)
<use ODEPictures/Beats.png>
Package pdftex.def Info: ODEPictures/Beats.png  used on input line 9918.
(pdftex.def)             Requested size: 265.47215pt x 195.12926pt.
<ODEPictures/steadyStateResponse.png, id=3453, 333.6465pt x 242.70676pt>
File: ODEPictures/steadyStateResponse.png Graphic file (type png)
<use ODEPictures/steadyStateResponse.png>
Package pdftex.def Info: ODEPictures/steadyStateResponse.png  used on input line 9922.
(pdftex.def)             Requested size: 266.91756pt x 194.16565pt.
 [304 <./ODEPictures/resonance.png> <./ODEPictures/Beats.png>]
<ODEPictures/steadyStateAmplitude.png, id=3460, 337.26pt x 242.70676pt>
File: ODEPictures/steadyStateAmplitude.png Graphic file (type png)
<use ODEPictures/steadyStateAmplitude.png>
Package pdftex.def Info: ODEPictures/steadyStateAmplitude.png  used on input line 9938.
(pdftex.def)             Requested size: 269.80836pt x 194.16565pt.
 [305 <./ODEPictures/steadyStateResponse.png>] [306 <./ODEPictures/steadyStateAmplitude.png>]
Underfull \hbox (badness 10000) in paragraph at lines 9965--9967

 []

[307] [308] [309]
Overfull \hbox (60.06061pt too wide) detected at line 10107
[]
 []

[310] [311] [312] [313]
Overfull \hbox (8.23164pt too wide) detected at line 10225
[]
 []

[314] [315]
Overfull \hbox (31.16747pt too wide) detected at line 10269
[]
 []

[316] [317]
Underfull \hbox (badness 10000) in paragraph at lines 10326--10327

 []

[318]
Overfull \hbox (52.15689pt too wide) detected at line 10339
[]
 []

[319] [320] [321]
Overfull \hbox (19.3202pt too wide) in paragraph at lines 10431--10432
[]\OT1/cmr/m/n/10.95 If imag-i-nary, ex-press con-ju-gate pairs as $\OML/cmm/m/it/10.95 c[][]\OT1/cmr/m/n/10.95 (\OML/cmm/m/it/10.95 t\OT1/cmr/m/n/10.95 ) + \OML/cmm/m/it/10.95 c[][]\OT1/cmr/m/n/10.95 (\OML/cmm/m/it/10.95 t\OT1/cmr/m/n/10.95 )$ where $[](\OML/cmm/m/it/10.95 t\OT1/cmr/m/n/10.95 ) = \OMS/cmsy/m/n/10.95 < []$
 []

[322] [323] [324]
<LinearAlgebraPictures/LCRcircuitEx.jpg, id=3556, 382.42876pt x 181.67876pt>
File: LinearAlgebraPictures/LCRcircuitEx.jpg Graphic file (type jpg)
<use LinearAlgebraPictures/LCRcircuitEx.jpg>
Package pdftex.def Info: LinearAlgebraPictures/LCRcircuitEx.jpg  used on input line 10506.
(pdftex.def)             Requested size: 305.9434pt x 145.34319pt.
 [325 <./LinearAlgebraPictures/LCRcircuitEx.jpg>]
<ODEPictures/phasePortrait1.png, id=3567, 343.2825pt x 254.75175pt>
File: ODEPictures/phasePortrait1.png Graphic file (type png)
<use ODEPictures/phasePortrait1.png>
Package pdftex.def Info: ODEPictures/phasePortrait1.png  used on input line 10543.
(pdftex.def)             Requested size: 274.62636pt x 203.80167pt.
<ODEPictures/phasePortrait2.png, id=3568, 337.26pt x 254.1495pt>
File: ODEPictures/phasePortrait2.png Graphic file (type png)
<use ODEPictures/phasePortrait2.png>
Package pdftex.def Info: ODEPictures/phasePortrait2.png  used on input line 10545.
(pdftex.def)             Requested size: 269.80836pt x 203.31987pt.
<ODEPictures/phasePortrait3.png, id=3569, 337.26pt x 254.75175pt>
File: ODEPictures/phasePortrait3.png Graphic file (type png)
<use ODEPictures/phasePortrait3.png>
Package pdftex.def Info: ODEPictures/phasePortrait3.png  used on input line 10548.
(pdftex.def)             Requested size: 269.80836pt x 203.80167pt.
<ODEPictures/phasePortrait4.png, id=3570, 334.24875pt x 250.536pt>
File: ODEPictures/phasePortrait4.png Graphic file (type png)
<use ODEPictures/phasePortrait4.png>
Package pdftex.def Info: ODEPictures/phasePortrait4.png  used on input line 10551.
(pdftex.def)             Requested size: 267.39935pt x 200.42905pt.
<ODEPictures/phasePortrait5.png, id=3571, 337.26pt x 252.945pt>
File: ODEPictures/phasePortrait5.png Graphic file (type png)
<use ODEPictures/phasePortrait5.png>
Package pdftex.def Info: ODEPictures/phasePortrait5.png  used on input line 10553.
(pdftex.def)             Requested size: 269.80836pt x 202.35626pt.
 [326] [327 <./ODEPictures/phasePortrait1.png> <./ODEPictures/phasePortrait2.png>] [328 <./ODEPictures/phasePortrait3.png> <./ODEPictures/phasePortrait4.png>]
Underfull \hbox (badness 10000) in paragraph at lines 10568--10570

 []


Overfull \hbox (6.39296pt too wide) detected at line 10595
[]
 []

[329 <./ODEPictures/phasePortrait5.png>]
Overfull \hbox (16.27583pt too wide) in paragraph at lines 10597--10599
\OT1/cmr/m/n/10.95 We can de-fine the fun-da-men-tal ma-trix $\OML/cmm/m/it/10.95 X$ \OT1/cmr/m/n/10.95 to be com-prised of the com-ple-men-tary so-lu-tion $[]$.
 []

[330]
Overfull \hbox (6.39296pt too wide) detected at line 10628
[]
 []

[331] [332]
<ODEPictures/phasePortrait6.png, id=3606, 293.29575pt x 218.61674pt>
File: ODEPictures/phasePortrait6.png Graphic file (type png)
<use ODEPictures/phasePortrait6.png>
Package pdftex.def Info: ODEPictures/phasePortrait6.png  used on input line 10661.
(pdftex.def)             Requested size: 234.6369pt x 174.89362pt.
<ODEPictures/phasePortrait7.png, id=3607, 290.88675pt x 218.0145pt>
File: ODEPictures/phasePortrait7.png Graphic file (type png)
<use ODEPictures/phasePortrait7.png>
Package pdftex.def Info: ODEPictures/phasePortrait7.png  used on input line 10665.
(pdftex.def)             Requested size: 232.7097pt x 174.41182pt.
<ODEPictures/phasePortrait8.png, id=3608, 331.2375pt x 253.54726pt>
File: ODEPictures/phasePortrait8.png Graphic file (type png)
<use ODEPictures/phasePortrait8.png>
Package pdftex.def Info: ODEPictures/phasePortrait8.png  used on input line 10667.
(pdftex.def)             Requested size: 298.11098pt x 228.1904pt.
 [333 <./ODEPictures/phasePortrait6.png>] [334 <./ODEPictures/phasePortrait7.png> <./ODEPictures/phasePortrait8.png>] [335] [336]
Overfull \hbox (3.48082pt too wide) detected at line 10807
[]
 []


Overfull \vbox (0.29192pt too high) has occurred while \output is active []

 [337] [338]
Underfull \hbox (badness 10000) in paragraph at lines 10886--10887

 []

[339] [340]
Underfull \hbox (badness 10000) in paragraph at lines 10943--10945

 []


Overfull \hbox (39.29933pt too wide) detected at line 10955
[]
 []


Overfull \hbox (41.73265pt too wide) detected at line 10962
[]
 []

[341] [342] [343] [344]
Underfull \hbox (badness 10000) in paragraph at lines 11085--11088

 []

[345]
Overfull \hbox (33.92264pt too wide) detected at line 11118
[]
 []

[346]
Overfull \hbox (4.53198pt too wide) detected at line 11166
[]
 []

[347] [348] [349] [350] [351]
Underfull \hbox (badness 10000) in paragraph at lines 11307--11309

 []

[352]
Overfull \hbox (18.24812pt too wide) detected at line 11353
[]
 []


Underfull \hbox (badness 10000) in paragraph at lines 11356--11357

 []

[353] [354] [355] [356]
Overfull \hbox (25.31111pt too wide) detected at line 11478
[]
 []

[357] [358] [359] [360] [361]
Overfull \hbox (60.5833pt too wide) detected at line 11636
[]
 []


Underfull \hbox (badness 10000) in paragraph at lines 11641--11644

 []

<PDEPictures/laplace.png, id=3767, 953.81343pt x 530.73282pt>
File: PDEPictures/laplace.png Graphic file (type png)
<use PDEPictures/laplace.png>
Package pdftex.def Info: PDEPictures/laplace.png  used on input line 11645.
(pdftex.def)             Requested size: 398.33858pt x 221.65102pt.
[362] [363 <./PDEPictures/laplace.png (PNG copy)>] [364] [365]
Overfull \hbox (4.14424pt too wide) detected at line 11777
[]
 []

[366]
Overfull \hbox (61.18217pt too wide) detected at line 11782
[]
 []

[367] [368] [369] [370] [371] (./MathNotes.aux)
Package rerunfilecheck Info: File `MathNotes.out' has not changed.
(rerunfilecheck)             Checksum: 2DE01B02966C7489C92D068BFF2CE788;53586.
 ) 
Here is how much of TeX's memory you used:
 23116 strings out of 476093
 434874 string characters out of 5795582
 1891787 words of memory out of 5000000
 42176 multiletter control sequences out of 15000+600000
 524008 words of font info for 85 fonts, out of 8000000 for 9000
 1141 hyphenation exceptions out of 8191
 99i,23n,104p,745b,619s stack positions out of 10000i,1000n,20000p,200000b,200000s
{c:/texlive/2022/texmf-dist/fonts/enc/dvips/cm-super/cm-super-ts1.enc}<c:/texlive/2022/texmf-dist/fonts/type1/public/amsfonts/cm/cmbx10.pfb><c:/texlive/2022/texmf-dist/fonts/type1/public/amsfonts/cm/cmbx12.pfb><c:/texlive/2022/texmf-dist/fonts/type1/public/amsfonts/cm/cmex10.pfb><c:/texlive/2022/texmf-dist/fonts/type1/public/amsfonts/cmextra/cmex7.pfb><c:/texlive/2022/texmf-dist/fonts/type1/public/amsfonts/cmextra/cmex8.pfb><c:/texlive/2022/texmf-dist/fonts/type1/public/amsfonts/cm/cmmi10.pfb><c:/texlive/2022/texmf-dist/fonts/type1/public/amsfonts/cm/cmmi5.pfb><c:/texlive/2022/texmf-dist/fonts/type1/public/amsfonts/cm/cmmi6.pfb><c:/texlive/2022/texmf-dist/fonts/type1/public/amsfonts/cm/cmmi7.pfb><c:/texlive/2022/texmf-dist/fonts/type1/public/amsfonts/cm/cmmi8.pfb><c:/texlive/2022/texmf-dist/fonts/type1/public/amsfonts/cm/cmr10.pfb><c:/texlive/2022/texmf-dist/fonts/type1/public/amsfonts/cm/cmr12.pfb><c:/texlive/2022/texmf-dist/fonts/type1/public/amsfonts/cm/cmr17.pfb><c:/texlive/2022/texmf-dist/fonts/type1/public/amsfonts/cm/cmr5.pfb><c:/texlive/2022/texmf-dist/fonts/type1/public/amsfonts/cm/cmr6.pfb><c:/texlive/2022/texmf-dist/fonts/type1/public/amsfonts/cm/cmr7.pfb><c:/texlive/2022/texmf-dist/fonts/type1/public/amsfonts/cm/cmr8.pfb><c:/texlive/2022/texmf-dist/fonts/type1/public/amsfonts/cm/cmsy10.pfb><c:/texlive/2022/texmf-dist/fonts/type1/public/amsfonts/cm/cmsy5.pfb><c:/texlive/2022/texmf-dist/fonts/type1/public/amsfonts/cm/cmsy6.pfb><c:/texlive/2022/texmf-dist/fonts/type1/public/amsfonts/cm/cmsy7.pfb><c:/texlive/2022/texmf-dist/fonts/type1/public/amsfonts/cm/cmsy8.pfb><c:/texlive/2022/texmf-dist/fonts/type1/public/amsfonts/cm/cmti10.pfb><c:/texlive/2022/texmf-dist/fonts/type1/public/esint-type1/esint10.pfb><c:/texlive/2022/texmf-dist/fonts/type1/public/amsfonts/symbols/msam10.pfb><c:/texlive/2022/texmf-dist/fonts/type1/public/amsfonts/symbols/msbm10.pfb><c:/texlive/2022/texmf-dist/fonts/type1/public/rsfs/rsfs10.pfb><c:/texlive/2022/texmf-dist/fonts/type1/public/cm-super/sfrm1095.pfb>
Output written on MathNotes.pdf (371 pages, 6314397 bytes).
PDF statistics:
 4144 PDF objects out of 4296 (max. 8388607)
 3502 compressed objects within 36 object streams
 837 named destinations out of 1000 (max. 500000)
 3024 words of extra memory for PDF output out of 10000 (max. 10000000)

