\BOOKMARK [1][-]{section.1}{\376\377\000P\000r\000o\000b\000a\000b\000i\000l\000i\000t\000y}{}% 1
\BOOKMARK [2][-]{subsection.1.1}{\376\377\000C\000o\000u\000n\000t\000i\000n\000g}{section.1}% 2
\BOOKMARK [3][-]{subsubsection.1.1.1}{\376\377\000C\000o\000m\000b\000i\000n\000a\000t\000o\000r\000i\000c\000s}{subsection.1.1}% 3
\BOOKMARK [3][-]{subsubsection.1.1.2}{\376\377\000P\000a\000s\000c\000a\000l\000'\000s\000\040\000T\000r\000i\000a\000n\000g\000l\000e}{subsection.1.1}% 4
\BOOKMARK [2][-]{subsection.1.2}{\376\377\000P\000r\000o\000b\000a\000b\000i\000l\000i\000t\000y\000\040\000S\000p\000a\000c\000e\000s}{section.1}% 5
\BOOKMARK [3][-]{subsubsection.1.2.1}{\376\377\000E\000v\000e\000n\000t\000s\000\040\000a\000n\000d\000\040\000S\000a\000m\000p\000l\000e\000\040\000S\000p\000a\000c\000e\000s}{subsection.1.2}% 6
\BOOKMARK [3][-]{subsubsection.1.2.2}{\376\377\000C\000o\000n\000d\000i\000t\000i\000o\000n\000a\000l\000\040\000P\000r\000o\000b\000a\000b\000i\000l\000i\000t\000y}{subsection.1.2}% 7
\BOOKMARK [2][-]{subsection.1.3}{\376\377\000R\000a\000n\000d\000o\000m\000\040\000V\000a\000r\000i\000a\000b\000l\000e\000s}{section.1}% 8
\BOOKMARK [3][-]{subsubsection.1.3.1}{\376\377\000D\000i\000s\000c\000r\000e\000t\000e\000\040\000R\000a\000n\000d\000o\000m\000\040\000V\000a\000r\000i\000a\000b\000l\000e\000s}{subsection.1.3}% 9
\BOOKMARK [3][-]{subsubsection.1.3.2}{\376\377\000C\000o\000n\000t\000i\000n\000u\000o\000u\000s\000\040\000R\000a\000n\000d\000o\000m\000\040\000V\000a\000r\000i\000a\000b\000l\000e\000s}{subsection.1.3}% 10
\BOOKMARK [3][-]{subsubsection.1.3.3}{\376\377\000E\000x\000p\000e\000c\000t\000e\000d\000\040\000V\000a\000l\000u\000e}{subsection.1.3}% 11
\BOOKMARK [3][-]{subsubsection.1.3.4}{\376\377\000V\000a\000r\000i\000a\000n\000c\000e}{subsection.1.3}% 12
\BOOKMARK [2][-]{subsection.1.4}{\376\377\000S\000u\000m\000s\000\040\000o\000f\000\040\000R\000a\000n\000d\000o\000m\000\040\000V\000a\000r\000i\000a\000b\000l\000e\000s}{section.1}% 13
\BOOKMARK [3][-]{subsubsection.1.4.1}{\376\377\000S\000t\000a\000n\000d\000a\000r\000d\000i\000z\000a\000t\000i\000o\000n}{subsection.1.4}% 14
\BOOKMARK [3][-]{subsubsection.1.4.2}{\376\377\000M\000o\000m\000e\000n\000t\000\040\000G\000e\000n\000e\000r\000a\000t\000i\000n\000g\000\040\000F\000u\000n\000c\000t\000i\000o\000n\000s}{subsection.1.4}% 15
\BOOKMARK [3][-]{subsubsection.1.4.3}{\376\377\000C\000e\000n\000t\000r\000a\000l\000\040\000L\000i\000m\000i\000t\000\040\000T\000h\000e\000o\000r\000e\000m}{subsection.1.4}% 16
\BOOKMARK [2][-]{subsection.1.5}{\376\377\000J\000o\000i\000n\000t\000\040\000P\000r\000o\000b\000a\000b\000i\000l\000i\000t\000y}{section.1}% 17
\BOOKMARK [3][-]{subsubsection.1.5.1}{\376\377\000M\000a\000r\000g\000i\000n\000a\000l\000\040\000P\000r\000o\000b\000a\000b\000i\000l\000i\000t\000y}{subsection.1.5}% 18
\BOOKMARK [3][-]{subsubsection.1.5.2}{\376\377\000C\000o\000n\000d\000i\000t\000i\000o\000n\000a\000l\000\040\000D\000e\000n\000s\000i\000t\000y}{subsection.1.5}% 19
\BOOKMARK [3][-]{subsubsection.1.5.3}{\376\377\000C\000o\000v\000a\000r\000i\000a\000n\000c\000e}{subsection.1.5}% 20
\BOOKMARK [2][-]{subsection.1.6}{\376\377\000E\000m\000p\000i\000r\000i\000c\000a\000l\000\040\000D\000i\000s\000t\000r\000i\000b\000u\000t\000i\000o\000n\000s}{section.1}% 21
\BOOKMARK [3][-]{subsubsection.1.6.1}{\376\377\000H\000y\000p\000o\000t\000h\000e\000s\000i\000s\000\040\000T\000e\000s\000t\000i\000n\000g}{subsection.1.6}% 22
\BOOKMARK [3][-]{subsubsection.1.6.2}{\376\377\000S\000a\000m\000p\000l\000e\000\040\000M\000e\000a\000n\000\040\000a\000n\000d\000\040\000V\000a\000r\000i\000a\000n\000c\000e}{subsection.1.6}% 23
\BOOKMARK [2][-]{subsection.1.7}{\376\377\000F\000o\000u\000n\000d\000a\000t\000i\000o\000n\000s}{section.1}% 24
\BOOKMARK [3][-]{subsubsection.1.7.1}{\376\377\000N\000o\000t\000a\000t\000i\000o\000n}{subsection.1.7}% 25
\BOOKMARK [3][-]{subsubsection.1.7.2}{\376\377\000R\000e\000p\000e\000a\000t\000e\000d\000\040\000E\000x\000p\000e\000r\000i\000m\000e\000n\000t\000s}{subsection.1.7}% 26
\BOOKMARK [3][-]{subsubsection.1.7.3}{\376\377\000C\000o\000n\000d\000i\000t\000i\000o\000n\000a\000l\000\040\000P\000r\000o\000b\000a\000b\000i\000l\000i\000t\000y}{subsection.1.7}% 27
\BOOKMARK [2][-]{subsection.1.8}{\376\377\000R\000a\000n\000d\000o\000m\000\040\000V\000a\000r\000i\000a\000b\000l\000e\000s}{section.1}% 28
\BOOKMARK [3][-]{subsubsection.1.8.1}{\376\377\000D\000i\000s\000c\000r\000e\000t\000e\000\040\000P\000r\000o\000b\000a\000b\000i\000l\000i\000t\000y\000\040\000D\000i\000s\000t\000r\000i\000b\000u\000t\000i\000o\000n\000s}{subsection.1.8}% 29
\BOOKMARK [3][-]{subsubsection.1.8.2}{\376\377\000C\000o\000n\000t\000i\000n\000u\000o\000u\000s\000\040\000P\000r\000o\000b\000a\000b\000i\000l\000i\000t\000y\000\040\000D\000i\000s\000t\000r\000i\000b\000u\000t\000i\000o\000n\000s}{subsection.1.8}% 30
\BOOKMARK [3][-]{subsubsection.1.8.3}{\376\377\000E\000x\000p\000e\000c\000t\000a\000t\000i\000o\000n\000s}{subsection.1.8}% 31
\BOOKMARK [3][-]{subsubsection.1.8.4}{\376\377\000V\000a\000r\000i\000a\000n\000c\000e}{subsection.1.8}% 32
\BOOKMARK [3][-]{subsubsection.1.8.5}{\376\377\000I\000n\000d\000e\000p\000e\000n\000d\000e\000n\000c\000e\000\040\000o\000f\000\040\000R\000a\000n\000d\000o\000m\000\040\000V\000a\000r\000i\000a\000b\000l\000e\000s\000:}{subsection.1.8}% 33
\BOOKMARK [2][-]{subsection.1.9}{\376\377\000N\000o\000r\000m\000a\000l\000\040\000D\000i\000s\000t\000r\000i\000b\000u\000t\000i\000o\000n\000s}{section.1}% 34
\BOOKMARK [3][-]{subsubsection.1.9.1}{\376\377\000S\000t\000a\000n\000d\000a\000r\000d\000i\000z\000a\000t\000i\000o\000n}{subsection.1.9}% 35
\BOOKMARK [3][-]{subsubsection.1.9.2}{\376\377\000J\000o\000i\000n\000t\000\040\000P\000r\000o\000b\000a\000b\000i\000l\000i\000t\000i\000e\000s}{subsection.1.9}% 36
\BOOKMARK [3][-]{subsubsection.1.9.3}{\376\377\000M\000a\000x\000i\000m\000u\000m\000s\000\040\000a\000n\000d\000\040\000M\000i\000n\000i\000m\000u\000m\000s}{subsection.1.9}% 37
\BOOKMARK [3][-]{subsubsection.1.9.4}{\376\377\000L\000i\000n\000e\000a\000r\000\040\000T\000r\000a\000n\000s\000f\000o\000r\000m\000a\000t\000i\000o\000n\000s}{subsection.1.9}% 38
\BOOKMARK [3][-]{subsubsection.1.9.5}{\376\377\000C\000o\000v\000a\000r\000i\000a\000n\000c\000e\000\040\000a\000n\000d\000\040\000C\000o\000r\000r\000e\000l\000a\000t\000i\000o\000n}{subsection.1.9}% 39
\BOOKMARK [3][-]{subsubsection.1.9.6}{\376\377\000L\000a\000w\000\040\000o\000f\000\040\000L\000a\000r\000g\000e\000\040\000N\000u\000m\000b\000e\000r\000s}{subsection.1.9}% 40
